Created by PLY version 3.11 (http://www.dabeaz.com/ply)

Unused terminals:

    COMMA
    FINALLY

Grammar

Rule 0     S' -> program
Rule 1     program -> program statement
Rule 2     program -> statement
Rule 3     statement -> io_stmt
Rule 4     statement -> exception_stmt
Rule 5     statement -> udtype_stmt
Rule 6     statement -> storage_stmt
Rule 7     statement -> loop_stmt
Rule 8     statement_list -> statement_list statement
Rule 9     statement_list -> statement
Rule 10    io_stmt -> COUT LSHIFT cout_list SEMICOLON
Rule 11    cout_list -> cout_list LSHIFT cout_item
Rule 12    cout_list -> cout_item
Rule 13    cout_item -> STRING
Rule 14    cout_item -> ID
Rule 15    io_stmt -> CIN RSHIFT id_list SEMICOLON
Rule 16    id_list -> id_list RSHIFT ID
Rule 17    id_list -> ID
Rule 18    io_stmt -> IFSTREAM ID SEMICOLON
Rule 19    io_stmt -> OFSTREAM ID SEMICOLON
Rule 20    exception_stmt -> TRY LBRACE statement_list RBRACE CATCH LPAREN ID RPAREN LBRACE statement_list RBRACE
Rule 21    exception_stmt -> THROW ID SEMICOLON
Rule 22    udtype_stmt -> utype
Rule 23    utype -> STRUCT ID LBRACE RBRACE SEMICOLON
Rule 24    utype -> CLASS ID LBRACE RBRACE SEMICOLON
Rule 25    utype -> UNION ID LBRACE RBRACE SEMICOLON
Rule 26    utype -> ENUM ID LBRACE ID RBRACE SEMICOLON
Rule 27    storage_stmt -> STATIC ID SEMICOLON
Rule 28    storage_stmt -> EXTERN ID SEMICOLON
Rule 29    storage_stmt -> REGISTER ID SEMICOLON
Rule 30    storage_stmt -> AUTO ID SEMICOLON
Rule 31    loop_stmt -> FOR LPAREN simple_stmt SEMICOLON condition SEMICOLON simple_stmt RPAREN
Rule 32    loop_stmt -> FOR LPAREN simple_stmt SEMICOLON condition SEMICOLON simple_stmt RPAREN LBRACE statement_list RBRACE
Rule 33    loop_stmt -> WHILE LPAREN condition RPAREN LBRACE statement_list RBRACE
Rule 34    loop_stmt -> DO LBRACE statement_list RBRACE WHILE LPAREN condition RPAREN SEMICOLON
Rule 35    simple_stmt -> ID ASSIGN NUMBER
Rule 36    simple_stmt -> INT ID ASSIGN NUMBER
Rule 37    simple_stmt -> ID PLUSPLUS
Rule 38    simple_stmt -> ID
Rule 39    condition -> ID LT NUMBER
Rule 40    condition -> ID GT NUMBER
Rule 41    condition -> ID

Terminals, with rules where they appear

ASSIGN               : 35 36
AUTO                 : 30
CATCH                : 20
CIN                  : 15
CLASS                : 24
COMMA                : 
COUT                 : 10
DO                   : 34
ENUM                 : 26
EXTERN               : 28
FINALLY              : 
FOR                  : 31 32
GT                   : 40
ID                   : 14 16 17 18 19 20 21 23 24 25 26 26 27 28 29 30 35 36 37 38 39 40 41
IFSTREAM             : 18
INT                  : 36
LBRACE               : 20 20 23 24 25 26 32 33 34
LPAREN               : 20 31 32 33 34
LSHIFT               : 10 11
LT                   : 39
NUMBER               : 35 36 39 40
OFSTREAM             : 19
PLUSPLUS             : 37
RBRACE               : 20 20 23 24 25 26 32 33 34
REGISTER             : 29
RPAREN               : 20 31 32 33 34
RSHIFT               : 15 16
SEMICOLON            : 10 15 18 19 21 23 24 25 26 27 28 29 30 31 31 32 32 34
STATIC               : 27
STRING               : 13
STRUCT               : 23
THROW                : 21
TRY                  : 20
UNION                : 25
WHILE                : 33 34
error                : 

Nonterminals, with rules where they appear

condition            : 31 32 33 34
cout_item            : 11 12
cout_list            : 10 11
exception_stmt       : 4
id_list              : 15 16
io_stmt              : 3
loop_stmt            : 7
program              : 1 0
simple_stmt          : 31 31 32 32
statement            : 1 2 8 9
statement_list       : 8 20 20 32 33 34
storage_stmt         : 6
udtype_stmt          : 5
utype                : 22

Parsing method: LALR

state 0

    (0) S' -> . program
    (1) program -> . program statement
    (2) program -> . statement
    (3) statement -> . io_stmt
    (4) statement -> . exception_stmt
    (5) statement -> . udtype_stmt
    (6) statement -> . storage_stmt
    (7) statement -> . loop_stmt
    (10) io_stmt -> . COUT LSHIFT cout_list SEMICOLON
    (15) io_stmt -> . CIN RSHIFT id_list SEMICOLON
    (18) io_stmt -> . IFSTREAM ID SEMICOLON
    (19) io_stmt -> . OFSTREAM ID SEMICOLON
    (20) exception_stmt -> . TRY LBRACE statement_list RBRACE CATCH LPAREN ID RPAREN LBRACE statement_list RBRACE
    (21) exception_stmt -> . THROW ID SEMICOLON
    (22) udtype_stmt -> . utype
    (27) storage_stmt -> . STATIC ID SEMICOLON
    (28) storage_stmt -> . EXTERN ID SEMICOLON
    (29) storage_stmt -> . REGISTER ID SEMICOLON
    (30) storage_stmt -> . AUTO ID SEMICOLON
    (31) loop_stmt -> . FOR LPAREN simple_stmt SEMICOLON condition SEMICOLON simple_stmt RPAREN
    (32) loop_stmt -> . FOR LPAREN simple_stmt SEMICOLON condition SEMICOLON simple_stmt RPAREN LBRACE statement_list RBRACE
    (33) loop_stmt -> . WHILE LPAREN condition RPAREN LBRACE statement_list RBRACE
    (34) loop_stmt -> . DO LBRACE statement_list RBRACE WHILE LPAREN condition RPAREN SEMICOLON
    (23) utype -> . STRUCT ID LBRACE RBRACE SEMICOLON
    (24) utype -> . CLASS ID LBRACE RBRACE SEMICOLON
    (25) utype -> . UNION ID LBRACE RBRACE SEMICOLON
    (26) utype -> . ENUM ID LBRACE ID RBRACE SEMICOLON

    COUT            shift and go to state 8
    CIN             shift and go to state 9
    IFSTREAM        shift and go to state 10
    OFSTREAM        shift and go to state 11
    TRY             shift and go to state 12
    THROW           shift and go to state 13
    STATIC          shift and go to state 15
    EXTERN          shift and go to state 16
    REGISTER        shift and go to state 17
    AUTO            shift and go to state 18
    FOR             shift and go to state 19
    WHILE           shift and go to state 20
    DO              shift and go to state 21
    STRUCT          shift and go to state 22
    CLASS           shift and go to state 23
    UNION           shift and go to state 24
    ENUM            shift and go to state 25

    program                        shift and go to state 1
    statement                      shift and go to state 2
    io_stmt                        shift and go to state 3
    exception_stmt                 shift and go to state 4
    udtype_stmt                    shift and go to state 5
    storage_stmt                   shift and go to state 6
    loop_stmt                      shift and go to state 7
    utype                          shift and go to state 14

state 1

    (0) S' -> program .
    (1) program -> program . statement
    (3) statement -> . io_stmt
    (4) statement -> . exception_stmt
    (5) statement -> . udtype_stmt
    (6) statement -> . storage_stmt
    (7) statement -> . loop_stmt
    (10) io_stmt -> . COUT LSHIFT cout_list SEMICOLON
    (15) io_stmt -> . CIN RSHIFT id_list SEMICOLON
    (18) io_stmt -> . IFSTREAM ID SEMICOLON
    (19) io_stmt -> . OFSTREAM ID SEMICOLON
    (20) exception_stmt -> . TRY LBRACE statement_list RBRACE CATCH LPAREN ID RPAREN LBRACE statement_list RBRACE
    (21) exception_stmt -> . THROW ID SEMICOLON
    (22) udtype_stmt -> . utype
    (27) storage_stmt -> . STATIC ID SEMICOLON
    (28) storage_stmt -> . EXTERN ID SEMICOLON
    (29) storage_stmt -> . REGISTER ID SEMICOLON
    (30) storage_stmt -> . AUTO ID SEMICOLON
    (31) loop_stmt -> . FOR LPAREN simple_stmt SEMICOLON condition SEMICOLON simple_stmt RPAREN
    (32) loop_stmt -> . FOR LPAREN simple_stmt SEMICOLON condition SEMICOLON simple_stmt RPAREN LBRACE statement_list RBRACE
    (33) loop_stmt -> . WHILE LPAREN condition RPAREN LBRACE statement_list RBRACE
    (34) loop_stmt -> . DO LBRACE statement_list RBRACE WHILE LPAREN condition RPAREN SEMICOLON
    (23) utype -> . STRUCT ID LBRACE RBRACE SEMICOLON
    (24) utype -> . CLASS ID LBRACE RBRACE SEMICOLON
    (25) utype -> . UNION ID LBRACE RBRACE SEMICOLON
    (26) utype -> . ENUM ID LBRACE ID RBRACE SEMICOLON

    COUT            shift and go to state 8
    CIN             shift and go to state 9
    IFSTREAM        shift and go to state 10
    OFSTREAM        shift and go to state 11
    TRY             shift and go to state 12
    THROW           shift and go to state 13
    STATIC          shift and go to state 15
    EXTERN          shift and go to state 16
    REGISTER        shift and go to state 17
    AUTO            shift and go to state 18
    FOR             shift and go to state 19
    WHILE           shift and go to state 20
    DO              shift and go to state 21
    STRUCT          shift and go to state 22
    CLASS           shift and go to state 23
    UNION           shift and go to state 24
    ENUM            shift and go to state 25

    statement                      shift and go to state 26
    io_stmt                        shift and go to state 3
    exception_stmt                 shift and go to state 4
    udtype_stmt                    shift and go to state 5
    storage_stmt                   shift and go to state 6
    loop_stmt                      shift and go to state 7
    utype                          shift and go to state 14

state 2

    (2) program -> statement .

    COUT            reduce using rule 2 (program -> statement .)
    CIN             reduce using rule 2 (program -> statement .)
    IFSTREAM        reduce using rule 2 (program -> statement .)
    OFSTREAM        reduce using rule 2 (program -> statement .)
    TRY             reduce using rule 2 (program -> statement .)
    THROW           reduce using rule 2 (program -> statement .)
    STATIC          reduce using rule 2 (program -> statement .)
    EXTERN          reduce using rule 2 (program -> statement .)
    REGISTER        reduce using rule 2 (program -> statement .)
    AUTO            reduce using rule 2 (program -> statement .)
    FOR             reduce using rule 2 (program -> statement .)
    WHILE           reduce using rule 2 (program -> statement .)
    DO              reduce using rule 2 (program -> statement .)
    STRUCT          reduce using rule 2 (program -> statement .)
    CLASS           reduce using rule 2 (program -> statement .)
    UNION           reduce using rule 2 (program -> statement .)
    ENUM            reduce using rule 2 (program -> statement .)
    $end            reduce using rule 2 (program -> statement .)


state 3

    (3) statement -> io_stmt .

    COUT            reduce using rule 3 (statement -> io_stmt .)
    CIN             reduce using rule 3 (statement -> io_stmt .)
    IFSTREAM        reduce using rule 3 (statement -> io_stmt .)
    OFSTREAM        reduce using rule 3 (statement -> io_stmt .)
    TRY             reduce using rule 3 (statement -> io_stmt .)
    THROW           reduce using rule 3 (statement -> io_stmt .)
    STATIC          reduce using rule 3 (statement -> io_stmt .)
    EXTERN          reduce using rule 3 (statement -> io_stmt .)
    REGISTER        reduce using rule 3 (statement -> io_stmt .)
    AUTO            reduce using rule 3 (statement -> io_stmt .)
    FOR             reduce using rule 3 (statement -> io_stmt .)
    WHILE           reduce using rule 3 (statement -> io_stmt .)
    DO              reduce using rule 3 (statement -> io_stmt .)
    STRUCT          reduce using rule 3 (statement -> io_stmt .)
    CLASS           reduce using rule 3 (statement -> io_stmt .)
    UNION           reduce using rule 3 (statement -> io_stmt .)
    ENUM            reduce using rule 3 (statement -> io_stmt .)
    $end            reduce using rule 3 (statement -> io_stmt .)
    RBRACE          reduce using rule 3 (statement -> io_stmt .)


state 4

    (4) statement -> exception_stmt .

    COUT            reduce using rule 4 (statement -> exception_stmt .)
    CIN             reduce using rule 4 (statement -> exception_stmt .)
    IFSTREAM        reduce using rule 4 (statement -> exception_stmt .)
    OFSTREAM        reduce using rule 4 (statement -> exception_stmt .)
    TRY             reduce using rule 4 (statement -> exception_stmt .)
    THROW           reduce using rule 4 (statement -> exception_stmt .)
    STATIC          reduce using rule 4 (statement -> exception_stmt .)
    EXTERN          reduce using rule 4 (statement -> exception_stmt .)
    REGISTER        reduce using rule 4 (statement -> exception_stmt .)
    AUTO            reduce using rule 4 (statement -> exception_stmt .)
    FOR             reduce using rule 4 (statement -> exception_stmt .)
    WHILE           reduce using rule 4 (statement -> exception_stmt .)
    DO              reduce using rule 4 (statement -> exception_stmt .)
    STRUCT          reduce using rule 4 (statement -> exception_stmt .)
    CLASS           reduce using rule 4 (statement -> exception_stmt .)
    UNION           reduce using rule 4 (statement -> exception_stmt .)
    ENUM            reduce using rule 4 (statement -> exception_stmt .)
    $end            reduce using rule 4 (statement -> exception_stmt .)
    RBRACE          reduce using rule 4 (statement -> exception_stmt .)


state 5

    (5) statement -> udtype_stmt .

    COUT            reduce using rule 5 (statement -> udtype_stmt .)
    CIN             reduce using rule 5 (statement -> udtype_stmt .)
    IFSTREAM        reduce using rule 5 (statement -> udtype_stmt .)
    OFSTREAM        reduce using rule 5 (statement -> udtype_stmt .)
    TRY             reduce using rule 5 (statement -> udtype_stmt .)
    THROW           reduce using rule 5 (statement -> udtype_stmt .)
    STATIC          reduce using rule 5 (statement -> udtype_stmt .)
    EXTERN          reduce using rule 5 (statement -> udtype_stmt .)
    REGISTER        reduce using rule 5 (statement -> udtype_stmt .)
    AUTO            reduce using rule 5 (statement -> udtype_stmt .)
    FOR             reduce using rule 5 (statement -> udtype_stmt .)
    WHILE           reduce using rule 5 (statement -> udtype_stmt .)
    DO              reduce using rule 5 (statement -> udtype_stmt .)
    STRUCT          reduce using rule 5 (statement -> udtype_stmt .)
    CLASS           reduce using rule 5 (statement -> udtype_stmt .)
    UNION           reduce using rule 5 (statement -> udtype_stmt .)
    ENUM            reduce using rule 5 (statement -> udtype_stmt .)
    $end            reduce using rule 5 (statement -> udtype_stmt .)
    RBRACE          reduce using rule 5 (statement -> udtype_stmt .)


state 6

    (6) statement -> storage_stmt .

    COUT            reduce using rule 6 (statement -> storage_stmt .)
    CIN             reduce using rule 6 (statement -> storage_stmt .)
    IFSTREAM        reduce using rule 6 (statement -> storage_stmt .)
    OFSTREAM        reduce using rule 6 (statement -> storage_stmt .)
    TRY             reduce using rule 6 (statement -> storage_stmt .)
    THROW           reduce using rule 6 (statement -> storage_stmt .)
    STATIC          reduce using rule 6 (statement -> storage_stmt .)
    EXTERN          reduce using rule 6 (statement -> storage_stmt .)
    REGISTER        reduce using rule 6 (statement -> storage_stmt .)
    AUTO            reduce using rule 6 (statement -> storage_stmt .)
    FOR             reduce using rule 6 (statement -> storage_stmt .)
    WHILE           reduce using rule 6 (statement -> storage_stmt .)
    DO              reduce using rule 6 (statement -> storage_stmt .)
    STRUCT          reduce using rule 6 (statement -> storage_stmt .)
    CLASS           reduce using rule 6 (statement -> storage_stmt .)
    UNION           reduce using rule 6 (statement -> storage_stmt .)
    ENUM            reduce using rule 6 (statement -> storage_stmt .)
    $end            reduce using rule 6 (statement -> storage_stmt .)
    RBRACE          reduce using rule 6 (statement -> storage_stmt .)


state 7

    (7) statement -> loop_stmt .

    COUT            reduce using rule 7 (statement -> loop_stmt .)
    CIN             reduce using rule 7 (statement -> loop_stmt .)
    IFSTREAM        reduce using rule 7 (statement -> loop_stmt .)
    OFSTREAM        reduce using rule 7 (statement -> loop_stmt .)
    TRY             reduce using rule 7 (statement -> loop_stmt .)
    THROW           reduce using rule 7 (statement -> loop_stmt .)
    STATIC          reduce using rule 7 (statement -> loop_stmt .)
    EXTERN          reduce using rule 7 (statement -> loop_stmt .)
    REGISTER        reduce using rule 7 (statement -> loop_stmt .)
    AUTO            reduce using rule 7 (statement -> loop_stmt .)
    FOR             reduce using rule 7 (statement -> loop_stmt .)
    WHILE           reduce using rule 7 (statement -> loop_stmt .)
    DO              reduce using rule 7 (statement -> loop_stmt .)
    STRUCT          reduce using rule 7 (statement -> loop_stmt .)
    CLASS           reduce using rule 7 (statement -> loop_stmt .)
    UNION           reduce using rule 7 (statement -> loop_stmt .)
    ENUM            reduce using rule 7 (statement -> loop_stmt .)
    $end            reduce using rule 7 (statement -> loop_stmt .)
    RBRACE          reduce using rule 7 (statement -> loop_stmt .)


state 8

    (10) io_stmt -> COUT . LSHIFT cout_list SEMICOLON

    LSHIFT          shift and go to state 27


state 9

    (15) io_stmt -> CIN . RSHIFT id_list SEMICOLON

    RSHIFT          shift and go to state 28


state 10

    (18) io_stmt -> IFSTREAM . ID SEMICOLON

    ID              shift and go to state 29


state 11

    (19) io_stmt -> OFSTREAM . ID SEMICOLON

    ID              shift and go to state 30


state 12

    (20) exception_stmt -> TRY . LBRACE statement_list RBRACE CATCH LPAREN ID RPAREN LBRACE statement_list RBRACE

    LBRACE          shift and go to state 31


state 13

    (21) exception_stmt -> THROW . ID SEMICOLON

    ID              shift and go to state 32


state 14

    (22) udtype_stmt -> utype .

    COUT            reduce using rule 22 (udtype_stmt -> utype .)
    CIN             reduce using rule 22 (udtype_stmt -> utype .)
    IFSTREAM        reduce using rule 22 (udtype_stmt -> utype .)
    OFSTREAM        reduce using rule 22 (udtype_stmt -> utype .)
    TRY             reduce using rule 22 (udtype_stmt -> utype .)
    THROW           reduce using rule 22 (udtype_stmt -> utype .)
    STATIC          reduce using rule 22 (udtype_stmt -> utype .)
    EXTERN          reduce using rule 22 (udtype_stmt -> utype .)
    REGISTER        reduce using rule 22 (udtype_stmt -> utype .)
    AUTO            reduce using rule 22 (udtype_stmt -> utype .)
    FOR             reduce using rule 22 (udtype_stmt -> utype .)
    WHILE           reduce using rule 22 (udtype_stmt -> utype .)
    DO              reduce using rule 22 (udtype_stmt -> utype .)
    STRUCT          reduce using rule 22 (udtype_stmt -> utype .)
    CLASS           reduce using rule 22 (udtype_stmt -> utype .)
    UNION           reduce using rule 22 (udtype_stmt -> utype .)
    ENUM            reduce using rule 22 (udtype_stmt -> utype .)
    $end            reduce using rule 22 (udtype_stmt -> utype .)
    RBRACE          reduce using rule 22 (udtype_stmt -> utype .)


state 15

    (27) storage_stmt -> STATIC . ID SEMICOLON

    ID              shift and go to state 33


state 16

    (28) storage_stmt -> EXTERN . ID SEMICOLON

    ID              shift and go to state 34


state 17

    (29) storage_stmt -> REGISTER . ID SEMICOLON

    ID              shift and go to state 35


state 18

    (30) storage_stmt -> AUTO . ID SEMICOLON

    ID              shift and go to state 36


state 19

    (31) loop_stmt -> FOR . LPAREN simple_stmt SEMICOLON condition SEMICOLON simple_stmt RPAREN
    (32) loop_stmt -> FOR . LPAREN simple_stmt SEMICOLON condition SEMICOLON simple_stmt RPAREN LBRACE statement_list RBRACE

    LPAREN          shift and go to state 37


state 20

    (33) loop_stmt -> WHILE . LPAREN condition RPAREN LBRACE statement_list RBRACE

    LPAREN          shift and go to state 38


state 21

    (34) loop_stmt -> DO . LBRACE statement_list RBRACE WHILE LPAREN condition RPAREN SEMICOLON

    LBRACE          shift and go to state 39


state 22

    (23) utype -> STRUCT . ID LBRACE RBRACE SEMICOLON

    ID              shift and go to state 40


state 23

    (24) utype -> CLASS . ID LBRACE RBRACE SEMICOLON

    ID              shift and go to state 41


state 24

    (25) utype -> UNION . ID LBRACE RBRACE SEMICOLON

    ID              shift and go to state 42


state 25

    (26) utype -> ENUM . ID LBRACE ID RBRACE SEMICOLON

    ID              shift and go to state 43


state 26

    (1) program -> program statement .

    COUT            reduce using rule 1 (program -> program statement .)
    CIN             reduce using rule 1 (program -> program statement .)
    IFSTREAM        reduce using rule 1 (program -> program statement .)
    OFSTREAM        reduce using rule 1 (program -> program statement .)
    TRY             reduce using rule 1 (program -> program statement .)
    THROW           reduce using rule 1 (program -> program statement .)
    STATIC          reduce using rule 1 (program -> program statement .)
    EXTERN          reduce using rule 1 (program -> program statement .)
    REGISTER        reduce using rule 1 (program -> program statement .)
    AUTO            reduce using rule 1 (program -> program statement .)
    FOR             reduce using rule 1 (program -> program statement .)
    WHILE           reduce using rule 1 (program -> program statement .)
    DO              reduce using rule 1 (program -> program statement .)
    STRUCT          reduce using rule 1 (program -> program statement .)
    CLASS           reduce using rule 1 (program -> program statement .)
    UNION           reduce using rule 1 (program -> program statement .)
    ENUM            reduce using rule 1 (program -> program statement .)
    $end            reduce using rule 1 (program -> program statement .)


state 27

    (10) io_stmt -> COUT LSHIFT . cout_list SEMICOLON
    (11) cout_list -> . cout_list LSHIFT cout_item
    (12) cout_list -> . cout_item
    (13) cout_item -> . STRING
    (14) cout_item -> . ID

    STRING          shift and go to state 46
    ID              shift and go to state 47

    cout_list                      shift and go to state 44
    cout_item                      shift and go to state 45

state 28

    (15) io_stmt -> CIN RSHIFT . id_list SEMICOLON
    (16) id_list -> . id_list RSHIFT ID
    (17) id_list -> . ID

    ID              shift and go to state 49

    id_list                        shift and go to state 48

state 29

    (18) io_stmt -> IFSTREAM ID . SEMICOLON

    SEMICOLON       shift and go to state 50


state 30

    (19) io_stmt -> OFSTREAM ID . SEMICOLON

    SEMICOLON       shift and go to state 51


state 31

    (20) exception_stmt -> TRY LBRACE . statement_list RBRACE CATCH LPAREN ID RPAREN LBRACE statement_list RBRACE
    (8) statement_list -> . statement_list statement
    (9) statement_list -> . statement
    (3) statement -> . io_stmt
    (4) statement -> . exception_stmt
    (5) statement -> . udtype_stmt
    (6) statement -> . storage_stmt
    (7) statement -> . loop_stmt
    (10) io_stmt -> . COUT LSHIFT cout_list SEMICOLON
    (15) io_stmt -> . CIN RSHIFT id_list SEMICOLON
    (18) io_stmt -> . IFSTREAM ID SEMICOLON
    (19) io_stmt -> . OFSTREAM ID SEMICOLON
    (20) exception_stmt -> . TRY LBRACE statement_list RBRACE CATCH LPAREN ID RPAREN LBRACE statement_list RBRACE
    (21) exception_stmt -> . THROW ID SEMICOLON
    (22) udtype_stmt -> . utype
    (27) storage_stmt -> . STATIC ID SEMICOLON
    (28) storage_stmt -> . EXTERN ID SEMICOLON
    (29) storage_stmt -> . REGISTER ID SEMICOLON
    (30) storage_stmt -> . AUTO ID SEMICOLON
    (31) loop_stmt -> . FOR LPAREN simple_stmt SEMICOLON condition SEMICOLON simple_stmt RPAREN
    (32) loop_stmt -> . FOR LPAREN simple_stmt SEMICOLON condition SEMICOLON simple_stmt RPAREN LBRACE statement_list RBRACE
    (33) loop_stmt -> . WHILE LPAREN condition RPAREN LBRACE statement_list RBRACE
    (34) loop_stmt -> . DO LBRACE statement_list RBRACE WHILE LPAREN condition RPAREN SEMICOLON
    (23) utype -> . STRUCT ID LBRACE RBRACE SEMICOLON
    (24) utype -> . CLASS ID LBRACE RBRACE SEMICOLON
    (25) utype -> . UNION ID LBRACE RBRACE SEMICOLON
    (26) utype -> . ENUM ID LBRACE ID RBRACE SEMICOLON

    COUT            shift and go to state 8
    CIN             shift and go to state 9
    IFSTREAM        shift and go to state 10
    OFSTREAM        shift and go to state 11
    TRY             shift and go to state 12
    THROW           shift and go to state 13
    STATIC          shift and go to state 15
    EXTERN          shift and go to state 16
    REGISTER        shift and go to state 17
    AUTO            shift and go to state 18
    FOR             shift and go to state 19
    WHILE           shift and go to state 20
    DO              shift and go to state 21
    STRUCT          shift and go to state 22
    CLASS           shift and go to state 23
    UNION           shift and go to state 24
    ENUM            shift and go to state 25

    statement_list                 shift and go to state 52
    statement                      shift and go to state 53
    io_stmt                        shift and go to state 3
    exception_stmt                 shift and go to state 4
    udtype_stmt                    shift and go to state 5
    storage_stmt                   shift and go to state 6
    loop_stmt                      shift and go to state 7
    utype                          shift and go to state 14

state 32

    (21) exception_stmt -> THROW ID . SEMICOLON

    SEMICOLON       shift and go to state 54


state 33

    (27) storage_stmt -> STATIC ID . SEMICOLON

    SEMICOLON       shift and go to state 55


state 34

    (28) storage_stmt -> EXTERN ID . SEMICOLON

    SEMICOLON       shift and go to state 56


state 35

    (29) storage_stmt -> REGISTER ID . SEMICOLON

    SEMICOLON       shift and go to state 57


state 36

    (30) storage_stmt -> AUTO ID . SEMICOLON

    SEMICOLON       shift and go to state 58


state 37

    (31) loop_stmt -> FOR LPAREN . simple_stmt SEMICOLON condition SEMICOLON simple_stmt RPAREN
    (32) loop_stmt -> FOR LPAREN . simple_stmt SEMICOLON condition SEMICOLON simple_stmt RPAREN LBRACE statement_list RBRACE
    (35) simple_stmt -> . ID ASSIGN NUMBER
    (36) simple_stmt -> . INT ID ASSIGN NUMBER
    (37) simple_stmt -> . ID PLUSPLUS
    (38) simple_stmt -> . ID

    ID              shift and go to state 60
    INT             shift and go to state 61

    simple_stmt                    shift and go to state 59

state 38

    (33) loop_stmt -> WHILE LPAREN . condition RPAREN LBRACE statement_list RBRACE
    (39) condition -> . ID LT NUMBER
    (40) condition -> . ID GT NUMBER
    (41) condition -> . ID

    ID              shift and go to state 63

    condition                      shift and go to state 62

state 39

    (34) loop_stmt -> DO LBRACE . statement_list RBRACE WHILE LPAREN condition RPAREN SEMICOLON
    (8) statement_list -> . statement_list statement
    (9) statement_list -> . statement
    (3) statement -> . io_stmt
    (4) statement -> . exception_stmt
    (5) statement -> . udtype_stmt
    (6) statement -> . storage_stmt
    (7) statement -> . loop_stmt
    (10) io_stmt -> . COUT LSHIFT cout_list SEMICOLON
    (15) io_stmt -> . CIN RSHIFT id_list SEMICOLON
    (18) io_stmt -> . IFSTREAM ID SEMICOLON
    (19) io_stmt -> . OFSTREAM ID SEMICOLON
    (20) exception_stmt -> . TRY LBRACE statement_list RBRACE CATCH LPAREN ID RPAREN LBRACE statement_list RBRACE
    (21) exception_stmt -> . THROW ID SEMICOLON
    (22) udtype_stmt -> . utype
    (27) storage_stmt -> . STATIC ID SEMICOLON
    (28) storage_stmt -> . EXTERN ID SEMICOLON
    (29) storage_stmt -> . REGISTER ID SEMICOLON
    (30) storage_stmt -> . AUTO ID SEMICOLON
    (31) loop_stmt -> . FOR LPAREN simple_stmt SEMICOLON condition SEMICOLON simple_stmt RPAREN
    (32) loop_stmt -> . FOR LPAREN simple_stmt SEMICOLON condition SEMICOLON simple_stmt RPAREN LBRACE statement_list RBRACE
    (33) loop_stmt -> . WHILE LPAREN condition RPAREN LBRACE statement_list RBRACE
    (34) loop_stmt -> . DO LBRACE statement_list RBRACE WHILE LPAREN condition RPAREN SEMICOLON
    (23) utype -> . STRUCT ID LBRACE RBRACE SEMICOLON
    (24) utype -> . CLASS ID LBRACE RBRACE SEMICOLON
    (25) utype -> . UNION ID LBRACE RBRACE SEMICOLON
    (26) utype -> . ENUM ID LBRACE ID RBRACE SEMICOLON

    COUT            shift and go to state 8
    CIN             shift and go to state 9
    IFSTREAM        shift and go to state 10
    OFSTREAM        shift and go to state 11
    TRY             shift and go to state 12
    THROW           shift and go to state 13
    STATIC          shift and go to state 15
    EXTERN          shift and go to state 16
    REGISTER        shift and go to state 17
    AUTO            shift and go to state 18
    FOR             shift and go to state 19
    WHILE           shift and go to state 20
    DO              shift and go to state 21
    STRUCT          shift and go to state 22
    CLASS           shift and go to state 23
    UNION           shift and go to state 24
    ENUM            shift and go to state 25

    statement_list                 shift and go to state 64
    statement                      shift and go to state 53
    io_stmt                        shift and go to state 3
    exception_stmt                 shift and go to state 4
    udtype_stmt                    shift and go to state 5
    storage_stmt                   shift and go to state 6
    loop_stmt                      shift and go to state 7
    utype                          shift and go to state 14

state 40

    (23) utype -> STRUCT ID . LBRACE RBRACE SEMICOLON

    LBRACE          shift and go to state 65


state 41

    (24) utype -> CLASS ID . LBRACE RBRACE SEMICOLON

    LBRACE          shift and go to state 66


state 42

    (25) utype -> UNION ID . LBRACE RBRACE SEMICOLON

    LBRACE          shift and go to state 67


state 43

    (26) utype -> ENUM ID . LBRACE ID RBRACE SEMICOLON

    LBRACE          shift and go to state 68


state 44

    (10) io_stmt -> COUT LSHIFT cout_list . SEMICOLON
    (11) cout_list -> cout_list . LSHIFT cout_item

    SEMICOLON       shift and go to state 70
    LSHIFT          shift and go to state 69


state 45

    (12) cout_list -> cout_item .

    SEMICOLON       reduce using rule 12 (cout_list -> cout_item .)
    LSHIFT          reduce using rule 12 (cout_list -> cout_item .)


state 46

    (13) cout_item -> STRING .

    SEMICOLON       reduce using rule 13 (cout_item -> STRING .)
    LSHIFT          reduce using rule 13 (cout_item -> STRING .)


state 47

    (14) cout_item -> ID .

    SEMICOLON       reduce using rule 14 (cout_item -> ID .)
    LSHIFT          reduce using rule 14 (cout_item -> ID .)


state 48

    (15) io_stmt -> CIN RSHIFT id_list . SEMICOLON
    (16) id_list -> id_list . RSHIFT ID

    SEMICOLON       shift and go to state 72
    RSHIFT          shift and go to state 71


state 49

    (17) id_list -> ID .

    SEMICOLON       reduce using rule 17 (id_list -> ID .)
    RSHIFT          reduce using rule 17 (id_list -> ID .)


state 50

    (18) io_stmt -> IFSTREAM ID SEMICOLON .

    COUT            reduce using rule 18 (io_stmt -> IFSTREAM ID SEMICOLON .)
    CIN             reduce using rule 18 (io_stmt -> IFSTREAM ID SEMICOLON .)
    IFSTREAM        reduce using rule 18 (io_stmt -> IFSTREAM ID SEMICOLON .)
    OFSTREAM        reduce using rule 18 (io_stmt -> IFSTREAM ID SEMICOLON .)
    TRY             reduce using rule 18 (io_stmt -> IFSTREAM ID SEMICOLON .)
    THROW           reduce using rule 18 (io_stmt -> IFSTREAM ID SEMICOLON .)
    STATIC          reduce using rule 18 (io_stmt -> IFSTREAM ID SEMICOLON .)
    EXTERN          reduce using rule 18 (io_stmt -> IFSTREAM ID SEMICOLON .)
    REGISTER        reduce using rule 18 (io_stmt -> IFSTREAM ID SEMICOLON .)
    AUTO            reduce using rule 18 (io_stmt -> IFSTREAM ID SEMICOLON .)
    FOR             reduce using rule 18 (io_stmt -> IFSTREAM ID SEMICOLON .)
    WHILE           reduce using rule 18 (io_stmt -> IFSTREAM ID SEMICOLON .)
    DO              reduce using rule 18 (io_stmt -> IFSTREAM ID SEMICOLON .)
    STRUCT          reduce using rule 18 (io_stmt -> IFSTREAM ID SEMICOLON .)
    CLASS           reduce using rule 18 (io_stmt -> IFSTREAM ID SEMICOLON .)
    UNION           reduce using rule 18 (io_stmt -> IFSTREAM ID SEMICOLON .)
    ENUM            reduce using rule 18 (io_stmt -> IFSTREAM ID SEMICOLON .)
    $end            reduce using rule 18 (io_stmt -> IFSTREAM ID SEMICOLON .)
    RBRACE          reduce using rule 18 (io_stmt -> IFSTREAM ID SEMICOLON .)


state 51

    (19) io_stmt -> OFSTREAM ID SEMICOLON .

    COUT            reduce using rule 19 (io_stmt -> OFSTREAM ID SEMICOLON .)
    CIN             reduce using rule 19 (io_stmt -> OFSTREAM ID SEMICOLON .)
    IFSTREAM        reduce using rule 19 (io_stmt -> OFSTREAM ID SEMICOLON .)
    OFSTREAM        reduce using rule 19 (io_stmt -> OFSTREAM ID SEMICOLON .)
    TRY             reduce using rule 19 (io_stmt -> OFSTREAM ID SEMICOLON .)
    THROW           reduce using rule 19 (io_stmt -> OFSTREAM ID SEMICOLON .)
    STATIC          reduce using rule 19 (io_stmt -> OFSTREAM ID SEMICOLON .)
    EXTERN          reduce using rule 19 (io_stmt -> OFSTREAM ID SEMICOLON .)
    REGISTER        reduce using rule 19 (io_stmt -> OFSTREAM ID SEMICOLON .)
    AUTO            reduce using rule 19 (io_stmt -> OFSTREAM ID SEMICOLON .)
    FOR             reduce using rule 19 (io_stmt -> OFSTREAM ID SEMICOLON .)
    WHILE           reduce using rule 19 (io_stmt -> OFSTREAM ID SEMICOLON .)
    DO              reduce using rule 19 (io_stmt -> OFSTREAM ID SEMICOLON .)
    STRUCT          reduce using rule 19 (io_stmt -> OFSTREAM ID SEMICOLON .)
    CLASS           reduce using rule 19 (io_stmt -> OFSTREAM ID SEMICOLON .)
    UNION           reduce using rule 19 (io_stmt -> OFSTREAM ID SEMICOLON .)
    ENUM            reduce using rule 19 (io_stmt -> OFSTREAM ID SEMICOLON .)
    $end            reduce using rule 19 (io_stmt -> OFSTREAM ID SEMICOLON .)
    RBRACE          reduce using rule 19 (io_stmt -> OFSTREAM ID SEMICOLON .)


state 52

    (20) exception_stmt -> TRY LBRACE statement_list . RBRACE CATCH LPAREN ID RPAREN LBRACE statement_list RBRACE
    (8) statement_list -> statement_list . statement
    (3) statement -> . io_stmt
    (4) statement -> . exception_stmt
    (5) statement -> . udtype_stmt
    (6) statement -> . storage_stmt
    (7) statement -> . loop_stmt
    (10) io_stmt -> . COUT LSHIFT cout_list SEMICOLON
    (15) io_stmt -> . CIN RSHIFT id_list SEMICOLON
    (18) io_stmt -> . IFSTREAM ID SEMICOLON
    (19) io_stmt -> . OFSTREAM ID SEMICOLON
    (20) exception_stmt -> . TRY LBRACE statement_list RBRACE CATCH LPAREN ID RPAREN LBRACE statement_list RBRACE
    (21) exception_stmt -> . THROW ID SEMICOLON
    (22) udtype_stmt -> . utype
    (27) storage_stmt -> . STATIC ID SEMICOLON
    (28) storage_stmt -> . EXTERN ID SEMICOLON
    (29) storage_stmt -> . REGISTER ID SEMICOLON
    (30) storage_stmt -> . AUTO ID SEMICOLON
    (31) loop_stmt -> . FOR LPAREN simple_stmt SEMICOLON condition SEMICOLON simple_stmt RPAREN
    (32) loop_stmt -> . FOR LPAREN simple_stmt SEMICOLON condition SEMICOLON simple_stmt RPAREN LBRACE statement_list RBRACE
    (33) loop_stmt -> . WHILE LPAREN condition RPAREN LBRACE statement_list RBRACE
    (34) loop_stmt -> . DO LBRACE statement_list RBRACE WHILE LPAREN condition RPAREN SEMICOLON
    (23) utype -> . STRUCT ID LBRACE RBRACE SEMICOLON
    (24) utype -> . CLASS ID LBRACE RBRACE SEMICOLON
    (25) utype -> . UNION ID LBRACE RBRACE SEMICOLON
    (26) utype -> . ENUM ID LBRACE ID RBRACE SEMICOLON

    RBRACE          shift and go to state 73
    COUT            shift and go to state 8
    CIN             shift and go to state 9
    IFSTREAM        shift and go to state 10
    OFSTREAM        shift and go to state 11
    TRY             shift and go to state 12
    THROW           shift and go to state 13
    STATIC          shift and go to state 15
    EXTERN          shift and go to state 16
    REGISTER        shift and go to state 17
    AUTO            shift and go to state 18
    FOR             shift and go to state 19
    WHILE           shift and go to state 20
    DO              shift and go to state 21
    STRUCT          shift and go to state 22
    CLASS           shift and go to state 23
    UNION           shift and go to state 24
    ENUM            shift and go to state 25

    statement                      shift and go to state 74
    io_stmt                        shift and go to state 3
    exception_stmt                 shift and go to state 4
    udtype_stmt                    shift and go to state 5
    storage_stmt                   shift and go to state 6
    loop_stmt                      shift and go to state 7
    utype                          shift and go to state 14

state 53

    (9) statement_list -> statement .

    RBRACE          reduce using rule 9 (statement_list -> statement .)
    COUT            reduce using rule 9 (statement_list -> statement .)
    CIN             reduce using rule 9 (statement_list -> statement .)
    IFSTREAM        reduce using rule 9 (statement_list -> statement .)
    OFSTREAM        reduce using rule 9 (statement_list -> statement .)
    TRY             reduce using rule 9 (statement_list -> statement .)
    THROW           reduce using rule 9 (statement_list -> statement .)
    STATIC          reduce using rule 9 (statement_list -> statement .)
    EXTERN          reduce using rule 9 (statement_list -> statement .)
    REGISTER        reduce using rule 9 (statement_list -> statement .)
    AUTO            reduce using rule 9 (statement_list -> statement .)
    FOR             reduce using rule 9 (statement_list -> statement .)
    WHILE           reduce using rule 9 (statement_list -> statement .)
    DO              reduce using rule 9 (statement_list -> statement .)
    STRUCT          reduce using rule 9 (statement_list -> statement .)
    CLASS           reduce using rule 9 (statement_list -> statement .)
    UNION           reduce using rule 9 (statement_list -> statement .)
    ENUM            reduce using rule 9 (statement_list -> statement .)


state 54

    (21) exception_stmt -> THROW ID SEMICOLON .

    COUT            reduce using rule 21 (exception_stmt -> THROW ID SEMICOLON .)
    CIN             reduce using rule 21 (exception_stmt -> THROW ID SEMICOLON .)
    IFSTREAM        reduce using rule 21 (exception_stmt -> THROW ID SEMICOLON .)
    OFSTREAM        reduce using rule 21 (exception_stmt -> THROW ID SEMICOLON .)
    TRY             reduce using rule 21 (exception_stmt -> THROW ID SEMICOLON .)
    THROW           reduce using rule 21 (exception_stmt -> THROW ID SEMICOLON .)
    STATIC          reduce using rule 21 (exception_stmt -> THROW ID SEMICOLON .)
    EXTERN          reduce using rule 21 (exception_stmt -> THROW ID SEMICOLON .)
    REGISTER        reduce using rule 21 (exception_stmt -> THROW ID SEMICOLON .)
    AUTO            reduce using rule 21 (exception_stmt -> THROW ID SEMICOLON .)
    FOR             reduce using rule 21 (exception_stmt -> THROW ID SEMICOLON .)
    WHILE           reduce using rule 21 (exception_stmt -> THROW ID SEMICOLON .)
    DO              reduce using rule 21 (exception_stmt -> THROW ID SEMICOLON .)
    STRUCT          reduce using rule 21 (exception_stmt -> THROW ID SEMICOLON .)
    CLASS           reduce using rule 21 (exception_stmt -> THROW ID SEMICOLON .)
    UNION           reduce using rule 21 (exception_stmt -> THROW ID SEMICOLON .)
    ENUM            reduce using rule 21 (exception_stmt -> THROW ID SEMICOLON .)
    $end            reduce using rule 21 (exception_stmt -> THROW ID SEMICOLON .)
    RBRACE          reduce using rule 21 (exception_stmt -> THROW ID SEMICOLON .)


state 55

    (27) storage_stmt -> STATIC ID SEMICOLON .

    COUT            reduce using rule 27 (storage_stmt -> STATIC ID SEMICOLON .)
    CIN             reduce using rule 27 (storage_stmt -> STATIC ID SEMICOLON .)
    IFSTREAM        reduce using rule 27 (storage_stmt -> STATIC ID SEMICOLON .)
    OFSTREAM        reduce using rule 27 (storage_stmt -> STATIC ID SEMICOLON .)
    TRY             reduce using rule 27 (storage_stmt -> STATIC ID SEMICOLON .)
    THROW           reduce using rule 27 (storage_stmt -> STATIC ID SEMICOLON .)
    STATIC          reduce using rule 27 (storage_stmt -> STATIC ID SEMICOLON .)
    EXTERN          reduce using rule 27 (storage_stmt -> STATIC ID SEMICOLON .)
    REGISTER        reduce using rule 27 (storage_stmt -> STATIC ID SEMICOLON .)
    AUTO            reduce using rule 27 (storage_stmt -> STATIC ID SEMICOLON .)
    FOR             reduce using rule 27 (storage_stmt -> STATIC ID SEMICOLON .)
    WHILE           reduce using rule 27 (storage_stmt -> STATIC ID SEMICOLON .)
    DO              reduce using rule 27 (storage_stmt -> STATIC ID SEMICOLON .)
    STRUCT          reduce using rule 27 (storage_stmt -> STATIC ID SEMICOLON .)
    CLASS           reduce using rule 27 (storage_stmt -> STATIC ID SEMICOLON .)
    UNION           reduce using rule 27 (storage_stmt -> STATIC ID SEMICOLON .)
    ENUM            reduce using rule 27 (storage_stmt -> STATIC ID SEMICOLON .)
    $end            reduce using rule 27 (storage_stmt -> STATIC ID SEMICOLON .)
    RBRACE          reduce using rule 27 (storage_stmt -> STATIC ID SEMICOLON .)


state 56

    (28) storage_stmt -> EXTERN ID SEMICOLON .

    COUT            reduce using rule 28 (storage_stmt -> EXTERN ID SEMICOLON .)
    CIN             reduce using rule 28 (storage_stmt -> EXTERN ID SEMICOLON .)
    IFSTREAM        reduce using rule 28 (storage_stmt -> EXTERN ID SEMICOLON .)
    OFSTREAM        reduce using rule 28 (storage_stmt -> EXTERN ID SEMICOLON .)
    TRY             reduce using rule 28 (storage_stmt -> EXTERN ID SEMICOLON .)
    THROW           reduce using rule 28 (storage_stmt -> EXTERN ID SEMICOLON .)
    STATIC          reduce using rule 28 (storage_stmt -> EXTERN ID SEMICOLON .)
    EXTERN          reduce using rule 28 (storage_stmt -> EXTERN ID SEMICOLON .)
    REGISTER        reduce using rule 28 (storage_stmt -> EXTERN ID SEMICOLON .)
    AUTO            reduce using rule 28 (storage_stmt -> EXTERN ID SEMICOLON .)
    FOR             reduce using rule 28 (storage_stmt -> EXTERN ID SEMICOLON .)
    WHILE           reduce using rule 28 (storage_stmt -> EXTERN ID SEMICOLON .)
    DO              reduce using rule 28 (storage_stmt -> EXTERN ID SEMICOLON .)
    STRUCT          reduce using rule 28 (storage_stmt -> EXTERN ID SEMICOLON .)
    CLASS           reduce using rule 28 (storage_stmt -> EXTERN ID SEMICOLON .)
    UNION           reduce using rule 28 (storage_stmt -> EXTERN ID SEMICOLON .)
    ENUM            reduce using rule 28 (storage_stmt -> EXTERN ID SEMICOLON .)
    $end            reduce using rule 28 (storage_stmt -> EXTERN ID SEMICOLON .)
    RBRACE          reduce using rule 28 (storage_stmt -> EXTERN ID SEMICOLON .)


state 57

    (29) storage_stmt -> REGISTER ID SEMICOLON .

    COUT            reduce using rule 29 (storage_stmt -> REGISTER ID SEMICOLON .)
    CIN             reduce using rule 29 (storage_stmt -> REGISTER ID SEMICOLON .)
    IFSTREAM        reduce using rule 29 (storage_stmt -> REGISTER ID SEMICOLON .)
    OFSTREAM        reduce using rule 29 (storage_stmt -> REGISTER ID SEMICOLON .)
    TRY             reduce using rule 29 (storage_stmt -> REGISTER ID SEMICOLON .)
    THROW           reduce using rule 29 (storage_stmt -> REGISTER ID SEMICOLON .)
    STATIC          reduce using rule 29 (storage_stmt -> REGISTER ID SEMICOLON .)
    EXTERN          reduce using rule 29 (storage_stmt -> REGISTER ID SEMICOLON .)
    REGISTER        reduce using rule 29 (storage_stmt -> REGISTER ID SEMICOLON .)
    AUTO            reduce using rule 29 (storage_stmt -> REGISTER ID SEMICOLON .)
    FOR             reduce using rule 29 (storage_stmt -> REGISTER ID SEMICOLON .)
    WHILE           reduce using rule 29 (storage_stmt -> REGISTER ID SEMICOLON .)
    DO              reduce using rule 29 (storage_stmt -> REGISTER ID SEMICOLON .)
    STRUCT          reduce using rule 29 (storage_stmt -> REGISTER ID SEMICOLON .)
    CLASS           reduce using rule 29 (storage_stmt -> REGISTER ID SEMICOLON .)
    UNION           reduce using rule 29 (storage_stmt -> REGISTER ID SEMICOLON .)
    ENUM            reduce using rule 29 (storage_stmt -> REGISTER ID SEMICOLON .)
    $end            reduce using rule 29 (storage_stmt -> REGISTER ID SEMICOLON .)
    RBRACE          reduce using rule 29 (storage_stmt -> REGISTER ID SEMICOLON .)


state 58

    (30) storage_stmt -> AUTO ID SEMICOLON .

    COUT            reduce using rule 30 (storage_stmt -> AUTO ID SEMICOLON .)
    CIN             reduce using rule 30 (storage_stmt -> AUTO ID SEMICOLON .)
    IFSTREAM        reduce using rule 30 (storage_stmt -> AUTO ID SEMICOLON .)
    OFSTREAM        reduce using rule 30 (storage_stmt -> AUTO ID SEMICOLON .)
    TRY             reduce using rule 30 (storage_stmt -> AUTO ID SEMICOLON .)
    THROW           reduce using rule 30 (storage_stmt -> AUTO ID SEMICOLON .)
    STATIC          reduce using rule 30 (storage_stmt -> AUTO ID SEMICOLON .)
    EXTERN          reduce using rule 30 (storage_stmt -> AUTO ID SEMICOLON .)
    REGISTER        reduce using rule 30 (storage_stmt -> AUTO ID SEMICOLON .)
    AUTO            reduce using rule 30 (storage_stmt -> AUTO ID SEMICOLON .)
    FOR             reduce using rule 30 (storage_stmt -> AUTO ID SEMICOLON .)
    WHILE           reduce using rule 30 (storage_stmt -> AUTO ID SEMICOLON .)
    DO              reduce using rule 30 (storage_stmt -> AUTO ID SEMICOLON .)
    STRUCT          reduce using rule 30 (storage_stmt -> AUTO ID SEMICOLON .)
    CLASS           reduce using rule 30 (storage_stmt -> AUTO ID SEMICOLON .)
    UNION           reduce using rule 30 (storage_stmt -> AUTO ID SEMICOLON .)
    ENUM            reduce using rule 30 (storage_stmt -> AUTO ID SEMICOLON .)
    $end            reduce using rule 30 (storage_stmt -> AUTO ID SEMICOLON .)
    RBRACE          reduce using rule 30 (storage_stmt -> AUTO ID SEMICOLON .)


state 59

    (31) loop_stmt -> FOR LPAREN simple_stmt . SEMICOLON condition SEMICOLON simple_stmt RPAREN
    (32) loop_stmt -> FOR LPAREN simple_stmt . SEMICOLON condition SEMICOLON simple_stmt RPAREN LBRACE statement_list RBRACE

    SEMICOLON       shift and go to state 75


state 60

    (35) simple_stmt -> ID . ASSIGN NUMBER
    (37) simple_stmt -> ID . PLUSPLUS
    (38) simple_stmt -> ID .

    ASSIGN          shift and go to state 76
    PLUSPLUS        shift and go to state 77
    SEMICOLON       reduce using rule 38 (simple_stmt -> ID .)
    RPAREN          reduce using rule 38 (simple_stmt -> ID .)


state 61

    (36) simple_stmt -> INT . ID ASSIGN NUMBER

    ID              shift and go to state 78


state 62

    (33) loop_stmt -> WHILE LPAREN condition . RPAREN LBRACE statement_list RBRACE

    RPAREN          shift and go to state 79


state 63

    (39) condition -> ID . LT NUMBER
    (40) condition -> ID . GT NUMBER
    (41) condition -> ID .

    LT              shift and go to state 80
    GT              shift and go to state 81
    RPAREN          reduce using rule 41 (condition -> ID .)
    SEMICOLON       reduce using rule 41 (condition -> ID .)


state 64

    (34) loop_stmt -> DO LBRACE statement_list . RBRACE WHILE LPAREN condition RPAREN SEMICOLON
    (8) statement_list -> statement_list . statement
    (3) statement -> . io_stmt
    (4) statement -> . exception_stmt
    (5) statement -> . udtype_stmt
    (6) statement -> . storage_stmt
    (7) statement -> . loop_stmt
    (10) io_stmt -> . COUT LSHIFT cout_list SEMICOLON
    (15) io_stmt -> . CIN RSHIFT id_list SEMICOLON
    (18) io_stmt -> . IFSTREAM ID SEMICOLON
    (19) io_stmt -> . OFSTREAM ID SEMICOLON
    (20) exception_stmt -> . TRY LBRACE statement_list RBRACE CATCH LPAREN ID RPAREN LBRACE statement_list RBRACE
    (21) exception_stmt -> . THROW ID SEMICOLON
    (22) udtype_stmt -> . utype
    (27) storage_stmt -> . STATIC ID SEMICOLON
    (28) storage_stmt -> . EXTERN ID SEMICOLON
    (29) storage_stmt -> . REGISTER ID SEMICOLON
    (30) storage_stmt -> . AUTO ID SEMICOLON
    (31) loop_stmt -> . FOR LPAREN simple_stmt SEMICOLON condition SEMICOLON simple_stmt RPAREN
    (32) loop_stmt -> . FOR LPAREN simple_stmt SEMICOLON condition SEMICOLON simple_stmt RPAREN LBRACE statement_list RBRACE
    (33) loop_stmt -> . WHILE LPAREN condition RPAREN LBRACE statement_list RBRACE
    (34) loop_stmt -> . DO LBRACE statement_list RBRACE WHILE LPAREN condition RPAREN SEMICOLON
    (23) utype -> . STRUCT ID LBRACE RBRACE SEMICOLON
    (24) utype -> . CLASS ID LBRACE RBRACE SEMICOLON
    (25) utype -> . UNION ID LBRACE RBRACE SEMICOLON
    (26) utype -> . ENUM ID LBRACE ID RBRACE SEMICOLON

    RBRACE          shift and go to state 82
    COUT            shift and go to state 8
    CIN             shift and go to state 9
    IFSTREAM        shift and go to state 10
    OFSTREAM        shift and go to state 11
    TRY             shift and go to state 12
    THROW           shift and go to state 13
    STATIC          shift and go to state 15
    EXTERN          shift and go to state 16
    REGISTER        shift and go to state 17
    AUTO            shift and go to state 18
    FOR             shift and go to state 19
    WHILE           shift and go to state 20
    DO              shift and go to state 21
    STRUCT          shift and go to state 22
    CLASS           shift and go to state 23
    UNION           shift and go to state 24
    ENUM            shift and go to state 25

    statement                      shift and go to state 74
    io_stmt                        shift and go to state 3
    exception_stmt                 shift and go to state 4
    udtype_stmt                    shift and go to state 5
    storage_stmt                   shift and go to state 6
    loop_stmt                      shift and go to state 7
    utype                          shift and go to state 14

state 65

    (23) utype -> STRUCT ID LBRACE . RBRACE SEMICOLON

    RBRACE          shift and go to state 83


state 66

    (24) utype -> CLASS ID LBRACE . RBRACE SEMICOLON

    RBRACE          shift and go to state 84


state 67

    (25) utype -> UNION ID LBRACE . RBRACE SEMICOLON

    RBRACE          shift and go to state 85


state 68

    (26) utype -> ENUM ID LBRACE . ID RBRACE SEMICOLON

    ID              shift and go to state 86


state 69

    (11) cout_list -> cout_list LSHIFT . cout_item
    (13) cout_item -> . STRING
    (14) cout_item -> . ID

    STRING          shift and go to state 46
    ID              shift and go to state 47

    cout_item                      shift and go to state 87

state 70

    (10) io_stmt -> COUT LSHIFT cout_list SEMICOLON .

    COUT            reduce using rule 10 (io_stmt -> COUT LSHIFT cout_list SEMICOLON .)
    CIN             reduce using rule 10 (io_stmt -> COUT LSHIFT cout_list SEMICOLON .)
    IFSTREAM        reduce using rule 10 (io_stmt -> COUT LSHIFT cout_list SEMICOLON .)
    OFSTREAM        reduce using rule 10 (io_stmt -> COUT LSHIFT cout_list SEMICOLON .)
    TRY             reduce using rule 10 (io_stmt -> COUT LSHIFT cout_list SEMICOLON .)
    THROW           reduce using rule 10 (io_stmt -> COUT LSHIFT cout_list SEMICOLON .)
    STATIC          reduce using rule 10 (io_stmt -> COUT LSHIFT cout_list SEMICOLON .)
    EXTERN          reduce using rule 10 (io_stmt -> COUT LSHIFT cout_list SEMICOLON .)
    REGISTER        reduce using rule 10 (io_stmt -> COUT LSHIFT cout_list SEMICOLON .)
    AUTO            reduce using rule 10 (io_stmt -> COUT LSHIFT cout_list SEMICOLON .)
    FOR             reduce using rule 10 (io_stmt -> COUT LSHIFT cout_list SEMICOLON .)
    WHILE           reduce using rule 10 (io_stmt -> COUT LSHIFT cout_list SEMICOLON .)
    DO              reduce using rule 10 (io_stmt -> COUT LSHIFT cout_list SEMICOLON .)
    STRUCT          reduce using rule 10 (io_stmt -> COUT LSHIFT cout_list SEMICOLON .)
    CLASS           reduce using rule 10 (io_stmt -> COUT LSHIFT cout_list SEMICOLON .)
    UNION           reduce using rule 10 (io_stmt -> COUT LSHIFT cout_list SEMICOLON .)
    ENUM            reduce using rule 10 (io_stmt -> COUT LSHIFT cout_list SEMICOLON .)
    $end            reduce using rule 10 (io_stmt -> COUT LSHIFT cout_list SEMICOLON .)
    RBRACE          reduce using rule 10 (io_stmt -> COUT LSHIFT cout_list SEMICOLON .)


state 71

    (16) id_list -> id_list RSHIFT . ID

    ID              shift and go to state 88


state 72

    (15) io_stmt -> CIN RSHIFT id_list SEMICOLON .

    COUT            reduce using rule 15 (io_stmt -> CIN RSHIFT id_list SEMICOLON .)
    CIN             reduce using rule 15 (io_stmt -> CIN RSHIFT id_list SEMICOLON .)
    IFSTREAM        reduce using rule 15 (io_stmt -> CIN RSHIFT id_list SEMICOLON .)
    OFSTREAM        reduce using rule 15 (io_stmt -> CIN RSHIFT id_list SEMICOLON .)
    TRY             reduce using rule 15 (io_stmt -> CIN RSHIFT id_list SEMICOLON .)
    THROW           reduce using rule 15 (io_stmt -> CIN RSHIFT id_list SEMICOLON .)
    STATIC          reduce using rule 15 (io_stmt -> CIN RSHIFT id_list SEMICOLON .)
    EXTERN          reduce using rule 15 (io_stmt -> CIN RSHIFT id_list SEMICOLON .)
    REGISTER        reduce using rule 15 (io_stmt -> CIN RSHIFT id_list SEMICOLON .)
    AUTO            reduce using rule 15 (io_stmt -> CIN RSHIFT id_list SEMICOLON .)
    FOR             reduce using rule 15 (io_stmt -> CIN RSHIFT id_list SEMICOLON .)
    WHILE           reduce using rule 15 (io_stmt -> CIN RSHIFT id_list SEMICOLON .)
    DO              reduce using rule 15 (io_stmt -> CIN RSHIFT id_list SEMICOLON .)
    STRUCT          reduce using rule 15 (io_stmt -> CIN RSHIFT id_list SEMICOLON .)
    CLASS           reduce using rule 15 (io_stmt -> CIN RSHIFT id_list SEMICOLON .)
    UNION           reduce using rule 15 (io_stmt -> CIN RSHIFT id_list SEMICOLON .)
    ENUM            reduce using rule 15 (io_stmt -> CIN RSHIFT id_list SEMICOLON .)
    $end            reduce using rule 15 (io_stmt -> CIN RSHIFT id_list SEMICOLON .)
    RBRACE          reduce using rule 15 (io_stmt -> CIN RSHIFT id_list SEMICOLON .)


state 73

    (20) exception_stmt -> TRY LBRACE statement_list RBRACE . CATCH LPAREN ID RPAREN LBRACE statement_list RBRACE

    CATCH           shift and go to state 89


state 74

    (8) statement_list -> statement_list statement .

    RBRACE          reduce using rule 8 (statement_list -> statement_list statement .)
    COUT            reduce using rule 8 (statement_list -> statement_list statement .)
    CIN             reduce using rule 8 (statement_list -> statement_list statement .)
    IFSTREAM        reduce using rule 8 (statement_list -> statement_list statement .)
    OFSTREAM        reduce using rule 8 (statement_list -> statement_list statement .)
    TRY             reduce using rule 8 (statement_list -> statement_list statement .)
    THROW           reduce using rule 8 (statement_list -> statement_list statement .)
    STATIC          reduce using rule 8 (statement_list -> statement_list statement .)
    EXTERN          reduce using rule 8 (statement_list -> statement_list statement .)
    REGISTER        reduce using rule 8 (statement_list -> statement_list statement .)
    AUTO            reduce using rule 8 (statement_list -> statement_list statement .)
    FOR             reduce using rule 8 (statement_list -> statement_list statement .)
    WHILE           reduce using rule 8 (statement_list -> statement_list statement .)
    DO              reduce using rule 8 (statement_list -> statement_list statement .)
    STRUCT          reduce using rule 8 (statement_list -> statement_list statement .)
    CLASS           reduce using rule 8 (statement_list -> statement_list statement .)
    UNION           reduce using rule 8 (statement_list -> statement_list statement .)
    ENUM            reduce using rule 8 (statement_list -> statement_list statement .)


state 75

    (31) loop_stmt -> FOR LPAREN simple_stmt SEMICOLON . condition SEMICOLON simple_stmt RPAREN
    (32) loop_stmt -> FOR LPAREN simple_stmt SEMICOLON . condition SEMICOLON simple_stmt RPAREN LBRACE statement_list RBRACE
    (39) condition -> . ID LT NUMBER
    (40) condition -> . ID GT NUMBER
    (41) condition -> . ID

    ID              shift and go to state 63

    condition                      shift and go to state 90

state 76

    (35) simple_stmt -> ID ASSIGN . NUMBER

    NUMBER          shift and go to state 91


state 77

    (37) simple_stmt -> ID PLUSPLUS .

    SEMICOLON       reduce using rule 37 (simple_stmt -> ID PLUSPLUS .)
    RPAREN          reduce using rule 37 (simple_stmt -> ID PLUSPLUS .)


state 78

    (36) simple_stmt -> INT ID . ASSIGN NUMBER

    ASSIGN          shift and go to state 92


state 79

    (33) loop_stmt -> WHILE LPAREN condition RPAREN . LBRACE statement_list RBRACE

    LBRACE          shift and go to state 93


state 80

    (39) condition -> ID LT . NUMBER

    NUMBER          shift and go to state 94


state 81

    (40) condition -> ID GT . NUMBER

    NUMBER          shift and go to state 95


state 82

    (34) loop_stmt -> DO LBRACE statement_list RBRACE . WHILE LPAREN condition RPAREN SEMICOLON

    WHILE           shift and go to state 96


state 83

    (23) utype -> STRUCT ID LBRACE RBRACE . SEMICOLON

    SEMICOLON       shift and go to state 97


state 84

    (24) utype -> CLASS ID LBRACE RBRACE . SEMICOLON

    SEMICOLON       shift and go to state 98


state 85

    (25) utype -> UNION ID LBRACE RBRACE . SEMICOLON

    SEMICOLON       shift and go to state 99


state 86

    (26) utype -> ENUM ID LBRACE ID . RBRACE SEMICOLON

    RBRACE          shift and go to state 100


state 87

    (11) cout_list -> cout_list LSHIFT cout_item .

    SEMICOLON       reduce using rule 11 (cout_list -> cout_list LSHIFT cout_item .)
    LSHIFT          reduce using rule 11 (cout_list -> cout_list LSHIFT cout_item .)


state 88

    (16) id_list -> id_list RSHIFT ID .

    SEMICOLON       reduce using rule 16 (id_list -> id_list RSHIFT ID .)
    RSHIFT          reduce using rule 16 (id_list -> id_list RSHIFT ID .)


state 89

    (20) exception_stmt -> TRY LBRACE statement_list RBRACE CATCH . LPAREN ID RPAREN LBRACE statement_list RBRACE

    LPAREN          shift and go to state 101


state 90

    (31) loop_stmt -> FOR LPAREN simple_stmt SEMICOLON condition . SEMICOLON simple_stmt RPAREN
    (32) loop_stmt -> FOR LPAREN simple_stmt SEMICOLON condition . SEMICOLON simple_stmt RPAREN LBRACE statement_list RBRACE

    SEMICOLON       shift and go to state 102


state 91

    (35) simple_stmt -> ID ASSIGN NUMBER .

    SEMICOLON       reduce using rule 35 (simple_stmt -> ID ASSIGN NUMBER .)
    RPAREN          reduce using rule 35 (simple_stmt -> ID ASSIGN NUMBER .)


state 92

    (36) simple_stmt -> INT ID ASSIGN . NUMBER

    NUMBER          shift and go to state 103


state 93

    (33) loop_stmt -> WHILE LPAREN condition RPAREN LBRACE . statement_list RBRACE
    (8) statement_list -> . statement_list statement
    (9) statement_list -> . statement
    (3) statement -> . io_stmt
    (4) statement -> . exception_stmt
    (5) statement -> . udtype_stmt
    (6) statement -> . storage_stmt
    (7) statement -> . loop_stmt
    (10) io_stmt -> . COUT LSHIFT cout_list SEMICOLON
    (15) io_stmt -> . CIN RSHIFT id_list SEMICOLON
    (18) io_stmt -> . IFSTREAM ID SEMICOLON
    (19) io_stmt -> . OFSTREAM ID SEMICOLON
    (20) exception_stmt -> . TRY LBRACE statement_list RBRACE CATCH LPAREN ID RPAREN LBRACE statement_list RBRACE
    (21) exception_stmt -> . THROW ID SEMICOLON
    (22) udtype_stmt -> . utype
    (27) storage_stmt -> . STATIC ID SEMICOLON
    (28) storage_stmt -> . EXTERN ID SEMICOLON
    (29) storage_stmt -> . REGISTER ID SEMICOLON
    (30) storage_stmt -> . AUTO ID SEMICOLON
    (31) loop_stmt -> . FOR LPAREN simple_stmt SEMICOLON condition SEMICOLON simple_stmt RPAREN
    (32) loop_stmt -> . FOR LPAREN simple_stmt SEMICOLON condition SEMICOLON simple_stmt RPAREN LBRACE statement_list RBRACE
    (33) loop_stmt -> . WHILE LPAREN condition RPAREN LBRACE statement_list RBRACE
    (34) loop_stmt -> . DO LBRACE statement_list RBRACE WHILE LPAREN condition RPAREN SEMICOLON
    (23) utype -> . STRUCT ID LBRACE RBRACE SEMICOLON
    (24) utype -> . CLASS ID LBRACE RBRACE SEMICOLON
    (25) utype -> . UNION ID LBRACE RBRACE SEMICOLON
    (26) utype -> . ENUM ID LBRACE ID RBRACE SEMICOLON

    COUT            shift and go to state 8
    CIN             shift and go to state 9
    IFSTREAM        shift and go to state 10
    OFSTREAM        shift and go to state 11
    TRY             shift and go to state 12
    THROW           shift and go to state 13
    STATIC          shift and go to state 15
    EXTERN          shift and go to state 16
    REGISTER        shift and go to state 17
    AUTO            shift and go to state 18
    FOR             shift and go to state 19
    WHILE           shift and go to state 20
    DO              shift and go to state 21
    STRUCT          shift and go to state 22
    CLASS           shift and go to state 23
    UNION           shift and go to state 24
    ENUM            shift and go to state 25

    statement_list                 shift and go to state 104
    statement                      shift and go to state 53
    io_stmt                        shift and go to state 3
    exception_stmt                 shift and go to state 4
    udtype_stmt                    shift and go to state 5
    storage_stmt                   shift and go to state 6
    loop_stmt                      shift and go to state 7
    utype                          shift and go to state 14

state 94

    (39) condition -> ID LT NUMBER .

    RPAREN          reduce using rule 39 (condition -> ID LT NUMBER .)
    SEMICOLON       reduce using rule 39 (condition -> ID LT NUMBER .)


state 95

    (40) condition -> ID GT NUMBER .

    RPAREN          reduce using rule 40 (condition -> ID GT NUMBER .)
    SEMICOLON       reduce using rule 40 (condition -> ID GT NUMBER .)


state 96

    (34) loop_stmt -> DO LBRACE statement_list RBRACE WHILE . LPAREN condition RPAREN SEMICOLON

    LPAREN          shift and go to state 105


state 97

    (23) utype -> STRUCT ID LBRACE RBRACE SEMICOLON .

    COUT            reduce using rule 23 (utype -> STRUCT ID LBRACE RBRACE SEMICOLON .)
    CIN             reduce using rule 23 (utype -> STRUCT ID LBRACE RBRACE SEMICOLON .)
    IFSTREAM        reduce using rule 23 (utype -> STRUCT ID LBRACE RBRACE SEMICOLON .)
    OFSTREAM        reduce using rule 23 (utype -> STRUCT ID LBRACE RBRACE SEMICOLON .)
    TRY             reduce using rule 23 (utype -> STRUCT ID LBRACE RBRACE SEMICOLON .)
    THROW           reduce using rule 23 (utype -> STRUCT ID LBRACE RBRACE SEMICOLON .)
    STATIC          reduce using rule 23 (utype -> STRUCT ID LBRACE RBRACE SEMICOLON .)
    EXTERN          reduce using rule 23 (utype -> STRUCT ID LBRACE RBRACE SEMICOLON .)
    REGISTER        reduce using rule 23 (utype -> STRUCT ID LBRACE RBRACE SEMICOLON .)
    AUTO            reduce using rule 23 (utype -> STRUCT ID LBRACE RBRACE SEMICOLON .)
    FOR             reduce using rule 23 (utype -> STRUCT ID LBRACE RBRACE SEMICOLON .)
    WHILE           reduce using rule 23 (utype -> STRUCT ID LBRACE RBRACE SEMICOLON .)
    DO              reduce using rule 23 (utype -> STRUCT ID LBRACE RBRACE SEMICOLON .)
    STRUCT          reduce using rule 23 (utype -> STRUCT ID LBRACE RBRACE SEMICOLON .)
    CLASS           reduce using rule 23 (utype -> STRUCT ID LBRACE RBRACE SEMICOLON .)
    UNION           reduce using rule 23 (utype -> STRUCT ID LBRACE RBRACE SEMICOLON .)
    ENUM            reduce using rule 23 (utype -> STRUCT ID LBRACE RBRACE SEMICOLON .)
    $end            reduce using rule 23 (utype -> STRUCT ID LBRACE RBRACE SEMICOLON .)
    RBRACE          reduce using rule 23 (utype -> STRUCT ID LBRACE RBRACE SEMICOLON .)


state 98

    (24) utype -> CLASS ID LBRACE RBRACE SEMICOLON .

    COUT            reduce using rule 24 (utype -> CLASS ID LBRACE RBRACE SEMICOLON .)
    CIN             reduce using rule 24 (utype -> CLASS ID LBRACE RBRACE SEMICOLON .)
    IFSTREAM        reduce using rule 24 (utype -> CLASS ID LBRACE RBRACE SEMICOLON .)
    OFSTREAM        reduce using rule 24 (utype -> CLASS ID LBRACE RBRACE SEMICOLON .)
    TRY             reduce using rule 24 (utype -> CLASS ID LBRACE RBRACE SEMICOLON .)
    THROW           reduce using rule 24 (utype -> CLASS ID LBRACE RBRACE SEMICOLON .)
    STATIC          reduce using rule 24 (utype -> CLASS ID LBRACE RBRACE SEMICOLON .)
    EXTERN          reduce using rule 24 (utype -> CLASS ID LBRACE RBRACE SEMICOLON .)
    REGISTER        reduce using rule 24 (utype -> CLASS ID LBRACE RBRACE SEMICOLON .)
    AUTO            reduce using rule 24 (utype -> CLASS ID LBRACE RBRACE SEMICOLON .)
    FOR             reduce using rule 24 (utype -> CLASS ID LBRACE RBRACE SEMICOLON .)
    WHILE           reduce using rule 24 (utype -> CLASS ID LBRACE RBRACE SEMICOLON .)
    DO              reduce using rule 24 (utype -> CLASS ID LBRACE RBRACE SEMICOLON .)
    STRUCT          reduce using rule 24 (utype -> CLASS ID LBRACE RBRACE SEMICOLON .)
    CLASS           reduce using rule 24 (utype -> CLASS ID LBRACE RBRACE SEMICOLON .)
    UNION           reduce using rule 24 (utype -> CLASS ID LBRACE RBRACE SEMICOLON .)
    ENUM            reduce using rule 24 (utype -> CLASS ID LBRACE RBRACE SEMICOLON .)
    $end            reduce using rule 24 (utype -> CLASS ID LBRACE RBRACE SEMICOLON .)
    RBRACE          reduce using rule 24 (utype -> CLASS ID LBRACE RBRACE SEMICOLON .)


state 99

    (25) utype -> UNION ID LBRACE RBRACE SEMICOLON .

    COUT            reduce using rule 25 (utype -> UNION ID LBRACE RBRACE SEMICOLON .)
    CIN             reduce using rule 25 (utype -> UNION ID LBRACE RBRACE SEMICOLON .)
    IFSTREAM        reduce using rule 25 (utype -> UNION ID LBRACE RBRACE SEMICOLON .)
    OFSTREAM        reduce using rule 25 (utype -> UNION ID LBRACE RBRACE SEMICOLON .)
    TRY             reduce using rule 25 (utype -> UNION ID LBRACE RBRACE SEMICOLON .)
    THROW           reduce using rule 25 (utype -> UNION ID LBRACE RBRACE SEMICOLON .)
    STATIC          reduce using rule 25 (utype -> UNION ID LBRACE RBRACE SEMICOLON .)
    EXTERN          reduce using rule 25 (utype -> UNION ID LBRACE RBRACE SEMICOLON .)
    REGISTER        reduce using rule 25 (utype -> UNION ID LBRACE RBRACE SEMICOLON .)
    AUTO            reduce using rule 25 (utype -> UNION ID LBRACE RBRACE SEMICOLON .)
    FOR             reduce using rule 25 (utype -> UNION ID LBRACE RBRACE SEMICOLON .)
    WHILE           reduce using rule 25 (utype -> UNION ID LBRACE RBRACE SEMICOLON .)
    DO              reduce using rule 25 (utype -> UNION ID LBRACE RBRACE SEMICOLON .)
    STRUCT          reduce using rule 25 (utype -> UNION ID LBRACE RBRACE SEMICOLON .)
    CLASS           reduce using rule 25 (utype -> UNION ID LBRACE RBRACE SEMICOLON .)
    UNION           reduce using rule 25 (utype -> UNION ID LBRACE RBRACE SEMICOLON .)
    ENUM            reduce using rule 25 (utype -> UNION ID LBRACE RBRACE SEMICOLON .)
    $end            reduce using rule 25 (utype -> UNION ID LBRACE RBRACE SEMICOLON .)
    RBRACE          reduce using rule 25 (utype -> UNION ID LBRACE RBRACE SEMICOLON .)


state 100

    (26) utype -> ENUM ID LBRACE ID RBRACE . SEMICOLON

    SEMICOLON       shift and go to state 106


state 101

    (20) exception_stmt -> TRY LBRACE statement_list RBRACE CATCH LPAREN . ID RPAREN LBRACE statement_list RBRACE

    ID              shift and go to state 107


state 102

    (31) loop_stmt -> FOR LPAREN simple_stmt SEMICOLON condition SEMICOLON . simple_stmt RPAREN
    (32) loop_stmt -> FOR LPAREN simple_stmt SEMICOLON condition SEMICOLON . simple_stmt RPAREN LBRACE statement_list RBRACE
    (35) simple_stmt -> . ID ASSIGN NUMBER
    (36) simple_stmt -> . INT ID ASSIGN NUMBER
    (37) simple_stmt -> . ID PLUSPLUS
    (38) simple_stmt -> . ID

    ID              shift and go to state 60
    INT             shift and go to state 61

    simple_stmt                    shift and go to state 108

state 103

    (36) simple_stmt -> INT ID ASSIGN NUMBER .

    SEMICOLON       reduce using rule 36 (simple_stmt -> INT ID ASSIGN NUMBER .)
    RPAREN          reduce using rule 36 (simple_stmt -> INT ID ASSIGN NUMBER .)


state 104

    (33) loop_stmt -> WHILE LPAREN condition RPAREN LBRACE statement_list . RBRACE
    (8) statement_list -> statement_list . statement
    (3) statement -> . io_stmt
    (4) statement -> . exception_stmt
    (5) statement -> . udtype_stmt
    (6) statement -> . storage_stmt
    (7) statement -> . loop_stmt
    (10) io_stmt -> . COUT LSHIFT cout_list SEMICOLON
    (15) io_stmt -> . CIN RSHIFT id_list SEMICOLON
    (18) io_stmt -> . IFSTREAM ID SEMICOLON
    (19) io_stmt -> . OFSTREAM ID SEMICOLON
    (20) exception_stmt -> . TRY LBRACE statement_list RBRACE CATCH LPAREN ID RPAREN LBRACE statement_list RBRACE
    (21) exception_stmt -> . THROW ID SEMICOLON
    (22) udtype_stmt -> . utype
    (27) storage_stmt -> . STATIC ID SEMICOLON
    (28) storage_stmt -> . EXTERN ID SEMICOLON
    (29) storage_stmt -> . REGISTER ID SEMICOLON
    (30) storage_stmt -> . AUTO ID SEMICOLON
    (31) loop_stmt -> . FOR LPAREN simple_stmt SEMICOLON condition SEMICOLON simple_stmt RPAREN
    (32) loop_stmt -> . FOR LPAREN simple_stmt SEMICOLON condition SEMICOLON simple_stmt RPAREN LBRACE statement_list RBRACE
    (33) loop_stmt -> . WHILE LPAREN condition RPAREN LBRACE statement_list RBRACE
    (34) loop_stmt -> . DO LBRACE statement_list RBRACE WHILE LPAREN condition RPAREN SEMICOLON
    (23) utype -> . STRUCT ID LBRACE RBRACE SEMICOLON
    (24) utype -> . CLASS ID LBRACE RBRACE SEMICOLON
    (25) utype -> . UNION ID LBRACE RBRACE SEMICOLON
    (26) utype -> . ENUM ID LBRACE ID RBRACE SEMICOLON

    RBRACE          shift and go to state 109
    COUT            shift and go to state 8
    CIN             shift and go to state 9
    IFSTREAM        shift and go to state 10
    OFSTREAM        shift and go to state 11
    TRY             shift and go to state 12
    THROW           shift and go to state 13
    STATIC          shift and go to state 15
    EXTERN          shift and go to state 16
    REGISTER        shift and go to state 17
    AUTO            shift and go to state 18
    FOR             shift and go to state 19
    WHILE           shift and go to state 20
    DO              shift and go to state 21
    STRUCT          shift and go to state 22
    CLASS           shift and go to state 23
    UNION           shift and go to state 24
    ENUM            shift and go to state 25

    statement                      shift and go to state 74
    io_stmt                        shift and go to state 3
    exception_stmt                 shift and go to state 4
    udtype_stmt                    shift and go to state 5
    storage_stmt                   shift and go to state 6
    loop_stmt                      shift and go to state 7
    utype                          shift and go to state 14

state 105

    (34) loop_stmt -> DO LBRACE statement_list RBRACE WHILE LPAREN . condition RPAREN SEMICOLON
    (39) condition -> . ID LT NUMBER
    (40) condition -> . ID GT NUMBER
    (41) condition -> . ID

    ID              shift and go to state 63

    condition                      shift and go to state 110

state 106

    (26) utype -> ENUM ID LBRACE ID RBRACE SEMICOLON .

    COUT            reduce using rule 26 (utype -> ENUM ID LBRACE ID RBRACE SEMICOLON .)
    CIN             reduce using rule 26 (utype -> ENUM ID LBRACE ID RBRACE SEMICOLON .)
    IFSTREAM        reduce using rule 26 (utype -> ENUM ID LBRACE ID RBRACE SEMICOLON .)
    OFSTREAM        reduce using rule 26 (utype -> ENUM ID LBRACE ID RBRACE SEMICOLON .)
    TRY             reduce using rule 26 (utype -> ENUM ID LBRACE ID RBRACE SEMICOLON .)
    THROW           reduce using rule 26 (utype -> ENUM ID LBRACE ID RBRACE SEMICOLON .)
    STATIC          reduce using rule 26 (utype -> ENUM ID LBRACE ID RBRACE SEMICOLON .)
    EXTERN          reduce using rule 26 (utype -> ENUM ID LBRACE ID RBRACE SEMICOLON .)
    REGISTER        reduce using rule 26 (utype -> ENUM ID LBRACE ID RBRACE SEMICOLON .)
    AUTO            reduce using rule 26 (utype -> ENUM ID LBRACE ID RBRACE SEMICOLON .)
    FOR             reduce using rule 26 (utype -> ENUM ID LBRACE ID RBRACE SEMICOLON .)
    WHILE           reduce using rule 26 (utype -> ENUM ID LBRACE ID RBRACE SEMICOLON .)
    DO              reduce using rule 26 (utype -> ENUM ID LBRACE ID RBRACE SEMICOLON .)
    STRUCT          reduce using rule 26 (utype -> ENUM ID LBRACE ID RBRACE SEMICOLON .)
    CLASS           reduce using rule 26 (utype -> ENUM ID LBRACE ID RBRACE SEMICOLON .)
    UNION           reduce using rule 26 (utype -> ENUM ID LBRACE ID RBRACE SEMICOLON .)
    ENUM            reduce using rule 26 (utype -> ENUM ID LBRACE ID RBRACE SEMICOLON .)
    $end            reduce using rule 26 (utype -> ENUM ID LBRACE ID RBRACE SEMICOLON .)
    RBRACE          reduce using rule 26 (utype -> ENUM ID LBRACE ID RBRACE SEMICOLON .)


state 107

    (20) exception_stmt -> TRY LBRACE statement_list RBRACE CATCH LPAREN ID . RPAREN LBRACE statement_list RBRACE

    RPAREN          shift and go to state 111


state 108

    (31) loop_stmt -> FOR LPAREN simple_stmt SEMICOLON condition SEMICOLON simple_stmt . RPAREN
    (32) loop_stmt -> FOR LPAREN simple_stmt SEMICOLON condition SEMICOLON simple_stmt . RPAREN LBRACE statement_list RBRACE

    RPAREN          shift and go to state 112


state 109

    (33) loop_stmt -> WHILE LPAREN condition RPAREN LBRACE statement_list RBRACE .

    COUT            reduce using rule 33 (loop_stmt -> WHILE LPAREN condition RPAREN LBRACE statement_list RBRACE .)
    CIN             reduce using rule 33 (loop_stmt -> WHILE LPAREN condition RPAREN LBRACE statement_list RBRACE .)
    IFSTREAM        reduce using rule 33 (loop_stmt -> WHILE LPAREN condition RPAREN LBRACE statement_list RBRACE .)
    OFSTREAM        reduce using rule 33 (loop_stmt -> WHILE LPAREN condition RPAREN LBRACE statement_list RBRACE .)
    TRY             reduce using rule 33 (loop_stmt -> WHILE LPAREN condition RPAREN LBRACE statement_list RBRACE .)
    THROW           reduce using rule 33 (loop_stmt -> WHILE LPAREN condition RPAREN LBRACE statement_list RBRACE .)
    STATIC          reduce using rule 33 (loop_stmt -> WHILE LPAREN condition RPAREN LBRACE statement_list RBRACE .)
    EXTERN          reduce using rule 33 (loop_stmt -> WHILE LPAREN condition RPAREN LBRACE statement_list RBRACE .)
    REGISTER        reduce using rule 33 (loop_stmt -> WHILE LPAREN condition RPAREN LBRACE statement_list RBRACE .)
    AUTO            reduce using rule 33 (loop_stmt -> WHILE LPAREN condition RPAREN LBRACE statement_list RBRACE .)
    FOR             reduce using rule 33 (loop_stmt -> WHILE LPAREN condition RPAREN LBRACE statement_list RBRACE .)
    WHILE           reduce using rule 33 (loop_stmt -> WHILE LPAREN condition RPAREN LBRACE statement_list RBRACE .)
    DO              reduce using rule 33 (loop_stmt -> WHILE LPAREN condition RPAREN LBRACE statement_list RBRACE .)
    STRUCT          reduce using rule 33 (loop_stmt -> WHILE LPAREN condition RPAREN LBRACE statement_list RBRACE .)
    CLASS           reduce using rule 33 (loop_stmt -> WHILE LPAREN condition RPAREN LBRACE statement_list RBRACE .)
    UNION           reduce using rule 33 (loop_stmt -> WHILE LPAREN condition RPAREN LBRACE statement_list RBRACE .)
    ENUM            reduce using rule 33 (loop_stmt -> WHILE LPAREN condition RPAREN LBRACE statement_list RBRACE .)
    $end            reduce using rule 33 (loop_stmt -> WHILE LPAREN condition RPAREN LBRACE statement_list RBRACE .)
    RBRACE          reduce using rule 33 (loop_stmt -> WHILE LPAREN condition RPAREN LBRACE statement_list RBRACE .)


state 110

    (34) loop_stmt -> DO LBRACE statement_list RBRACE WHILE LPAREN condition . RPAREN SEMICOLON

    RPAREN          shift and go to state 113


state 111

    (20) exception_stmt -> TRY LBRACE statement_list RBRACE CATCH LPAREN ID RPAREN . LBRACE statement_list RBRACE

    LBRACE          shift and go to state 114


state 112

    (31) loop_stmt -> FOR LPAREN simple_stmt SEMICOLON condition SEMICOLON simple_stmt RPAREN .
    (32) loop_stmt -> FOR LPAREN simple_stmt SEMICOLON condition SEMICOLON simple_stmt RPAREN . LBRACE statement_list RBRACE

    COUT            reduce using rule 31 (loop_stmt -> FOR LPAREN simple_stmt SEMICOLON condition SEMICOLON simple_stmt RPAREN .)
    CIN             reduce using rule 31 (loop_stmt -> FOR LPAREN simple_stmt SEMICOLON condition SEMICOLON simple_stmt RPAREN .)
    IFSTREAM        reduce using rule 31 (loop_stmt -> FOR LPAREN simple_stmt SEMICOLON condition SEMICOLON simple_stmt RPAREN .)
    OFSTREAM        reduce using rule 31 (loop_stmt -> FOR LPAREN simple_stmt SEMICOLON condition SEMICOLON simple_stmt RPAREN .)
    TRY             reduce using rule 31 (loop_stmt -> FOR LPAREN simple_stmt SEMICOLON condition SEMICOLON simple_stmt RPAREN .)
    THROW           reduce using rule 31 (loop_stmt -> FOR LPAREN simple_stmt SEMICOLON condition SEMICOLON simple_stmt RPAREN .)
    STATIC          reduce using rule 31 (loop_stmt -> FOR LPAREN simple_stmt SEMICOLON condition SEMICOLON simple_stmt RPAREN .)
    EXTERN          reduce using rule 31 (loop_stmt -> FOR LPAREN simple_stmt SEMICOLON condition SEMICOLON simple_stmt RPAREN .)
    REGISTER        reduce using rule 31 (loop_stmt -> FOR LPAREN simple_stmt SEMICOLON condition SEMICOLON simple_stmt RPAREN .)
    AUTO            reduce using rule 31 (loop_stmt -> FOR LPAREN simple_stmt SEMICOLON condition SEMICOLON simple_stmt RPAREN .)
    FOR             reduce using rule 31 (loop_stmt -> FOR LPAREN simple_stmt SEMICOLON condition SEMICOLON simple_stmt RPAREN .)
    WHILE           reduce using rule 31 (loop_stmt -> FOR LPAREN simple_stmt SEMICOLON condition SEMICOLON simple_stmt RPAREN .)
    DO              reduce using rule 31 (loop_stmt -> FOR LPAREN simple_stmt SEMICOLON condition SEMICOLON simple_stmt RPAREN .)
    STRUCT          reduce using rule 31 (loop_stmt -> FOR LPAREN simple_stmt SEMICOLON condition SEMICOLON simple_stmt RPAREN .)
    CLASS           reduce using rule 31 (loop_stmt -> FOR LPAREN simple_stmt SEMICOLON condition SEMICOLON simple_stmt RPAREN .)
    UNION           reduce using rule 31 (loop_stmt -> FOR LPAREN simple_stmt SEMICOLON condition SEMICOLON simple_stmt RPAREN .)
    ENUM            reduce using rule 31 (loop_stmt -> FOR LPAREN simple_stmt SEMICOLON condition SEMICOLON simple_stmt RPAREN .)
    $end            reduce using rule 31 (loop_stmt -> FOR LPAREN simple_stmt SEMICOLON condition SEMICOLON simple_stmt RPAREN .)
    RBRACE          reduce using rule 31 (loop_stmt -> FOR LPAREN simple_stmt SEMICOLON condition SEMICOLON simple_stmt RPAREN .)
    LBRACE          shift and go to state 115


state 113

    (34) loop_stmt -> DO LBRACE statement_list RBRACE WHILE LPAREN condition RPAREN . SEMICOLON

    SEMICOLON       shift and go to state 116


state 114

    (20) exception_stmt -> TRY LBRACE statement_list RBRACE CATCH LPAREN ID RPAREN LBRACE . statement_list RBRACE
    (8) statement_list -> . statement_list statement
    (9) statement_list -> . statement
    (3) statement -> . io_stmt
    (4) statement -> . exception_stmt
    (5) statement -> . udtype_stmt
    (6) statement -> . storage_stmt
    (7) statement -> . loop_stmt
    (10) io_stmt -> . COUT LSHIFT cout_list SEMICOLON
    (15) io_stmt -> . CIN RSHIFT id_list SEMICOLON
    (18) io_stmt -> . IFSTREAM ID SEMICOLON
    (19) io_stmt -> . OFSTREAM ID SEMICOLON
    (20) exception_stmt -> . TRY LBRACE statement_list RBRACE CATCH LPAREN ID RPAREN LBRACE statement_list RBRACE
    (21) exception_stmt -> . THROW ID SEMICOLON
    (22) udtype_stmt -> . utype
    (27) storage_stmt -> . STATIC ID SEMICOLON
    (28) storage_stmt -> . EXTERN ID SEMICOLON
    (29) storage_stmt -> . REGISTER ID SEMICOLON
    (30) storage_stmt -> . AUTO ID SEMICOLON
    (31) loop_stmt -> . FOR LPAREN simple_stmt SEMICOLON condition SEMICOLON simple_stmt RPAREN
    (32) loop_stmt -> . FOR LPAREN simple_stmt SEMICOLON condition SEMICOLON simple_stmt RPAREN LBRACE statement_list RBRACE
    (33) loop_stmt -> . WHILE LPAREN condition RPAREN LBRACE statement_list RBRACE
    (34) loop_stmt -> . DO LBRACE statement_list RBRACE WHILE LPAREN condition RPAREN SEMICOLON
    (23) utype -> . STRUCT ID LBRACE RBRACE SEMICOLON
    (24) utype -> . CLASS ID LBRACE RBRACE SEMICOLON
    (25) utype -> . UNION ID LBRACE RBRACE SEMICOLON
    (26) utype -> . ENUM ID LBRACE ID RBRACE SEMICOLON

    COUT            shift and go to state 8
    CIN             shift and go to state 9
    IFSTREAM        shift and go to state 10
    OFSTREAM        shift and go to state 11
    TRY             shift and go to state 12
    THROW           shift and go to state 13
    STATIC          shift and go to state 15
    EXTERN          shift and go to state 16
    REGISTER        shift and go to state 17
    AUTO            shift and go to state 18
    FOR             shift and go to state 19
    WHILE           shift and go to state 20
    DO              shift and go to state 21
    STRUCT          shift and go to state 22
    CLASS           shift and go to state 23
    UNION           shift and go to state 24
    ENUM            shift and go to state 25

    statement_list                 shift and go to state 117
    statement                      shift and go to state 53
    io_stmt                        shift and go to state 3
    exception_stmt                 shift and go to state 4
    udtype_stmt                    shift and go to state 5
    storage_stmt                   shift and go to state 6
    loop_stmt                      shift and go to state 7
    utype                          shift and go to state 14

state 115

    (32) loop_stmt -> FOR LPAREN simple_stmt SEMICOLON condition SEMICOLON simple_stmt RPAREN LBRACE . statement_list RBRACE
    (8) statement_list -> . statement_list statement
    (9) statement_list -> . statement
    (3) statement -> . io_stmt
    (4) statement -> . exception_stmt
    (5) statement -> . udtype_stmt
    (6) statement -> . storage_stmt
    (7) statement -> . loop_stmt
    (10) io_stmt -> . COUT LSHIFT cout_list SEMICOLON
    (15) io_stmt -> . CIN RSHIFT id_list SEMICOLON
    (18) io_stmt -> . IFSTREAM ID SEMICOLON
    (19) io_stmt -> . OFSTREAM ID SEMICOLON
    (20) exception_stmt -> . TRY LBRACE statement_list RBRACE CATCH LPAREN ID RPAREN LBRACE statement_list RBRACE
    (21) exception_stmt -> . THROW ID SEMICOLON
    (22) udtype_stmt -> . utype
    (27) storage_stmt -> . STATIC ID SEMICOLON
    (28) storage_stmt -> . EXTERN ID SEMICOLON
    (29) storage_stmt -> . REGISTER ID SEMICOLON
    (30) storage_stmt -> . AUTO ID SEMICOLON
    (31) loop_stmt -> . FOR LPAREN simple_stmt SEMICOLON condition SEMICOLON simple_stmt RPAREN
    (32) loop_stmt -> . FOR LPAREN simple_stmt SEMICOLON condition SEMICOLON simple_stmt RPAREN LBRACE statement_list RBRACE
    (33) loop_stmt -> . WHILE LPAREN condition RPAREN LBRACE statement_list RBRACE
    (34) loop_stmt -> . DO LBRACE statement_list RBRACE WHILE LPAREN condition RPAREN SEMICOLON
    (23) utype -> . STRUCT ID LBRACE RBRACE SEMICOLON
    (24) utype -> . CLASS ID LBRACE RBRACE SEMICOLON
    (25) utype -> . UNION ID LBRACE RBRACE SEMICOLON
    (26) utype -> . ENUM ID LBRACE ID RBRACE SEMICOLON

    COUT            shift and go to state 8
    CIN             shift and go to state 9
    IFSTREAM        shift and go to state 10
    OFSTREAM        shift and go to state 11
    TRY             shift and go to state 12
    THROW           shift and go to state 13
    STATIC          shift and go to state 15
    EXTERN          shift and go to state 16
    REGISTER        shift and go to state 17
    AUTO            shift and go to state 18
    FOR             shift and go to state 19
    WHILE           shift and go to state 20
    DO              shift and go to state 21
    STRUCT          shift and go to state 22
    CLASS           shift and go to state 23
    UNION           shift and go to state 24
    ENUM            shift and go to state 25

    statement_list                 shift and go to state 118
    statement                      shift and go to state 53
    io_stmt                        shift and go to state 3
    exception_stmt                 shift and go to state 4
    udtype_stmt                    shift and go to state 5
    storage_stmt                   shift and go to state 6
    loop_stmt                      shift and go to state 7
    utype                          shift and go to state 14

state 116

    (34) loop_stmt -> DO LBRACE statement_list RBRACE WHILE LPAREN condition RPAREN SEMICOLON .

    COUT            reduce using rule 34 (loop_stmt -> DO LBRACE statement_list RBRACE WHILE LPAREN condition RPAREN SEMICOLON .)
    CIN             reduce using rule 34 (loop_stmt -> DO LBRACE statement_list RBRACE WHILE LPAREN condition RPAREN SEMICOLON .)
    IFSTREAM        reduce using rule 34 (loop_stmt -> DO LBRACE statement_list RBRACE WHILE LPAREN condition RPAREN SEMICOLON .)
    OFSTREAM        reduce using rule 34 (loop_stmt -> DO LBRACE statement_list RBRACE WHILE LPAREN condition RPAREN SEMICOLON .)
    TRY             reduce using rule 34 (loop_stmt -> DO LBRACE statement_list RBRACE WHILE LPAREN condition RPAREN SEMICOLON .)
    THROW           reduce using rule 34 (loop_stmt -> DO LBRACE statement_list RBRACE WHILE LPAREN condition RPAREN SEMICOLON .)
    STATIC          reduce using rule 34 (loop_stmt -> DO LBRACE statement_list RBRACE WHILE LPAREN condition RPAREN SEMICOLON .)
    EXTERN          reduce using rule 34 (loop_stmt -> DO LBRACE statement_list RBRACE WHILE LPAREN condition RPAREN SEMICOLON .)
    REGISTER        reduce using rule 34 (loop_stmt -> DO LBRACE statement_list RBRACE WHILE LPAREN condition RPAREN SEMICOLON .)
    AUTO            reduce using rule 34 (loop_stmt -> DO LBRACE statement_list RBRACE WHILE LPAREN condition RPAREN SEMICOLON .)
    FOR             reduce using rule 34 (loop_stmt -> DO LBRACE statement_list RBRACE WHILE LPAREN condition RPAREN SEMICOLON .)
    WHILE           reduce using rule 34 (loop_stmt -> DO LBRACE statement_list RBRACE WHILE LPAREN condition RPAREN SEMICOLON .)
    DO              reduce using rule 34 (loop_stmt -> DO LBRACE statement_list RBRACE WHILE LPAREN condition RPAREN SEMICOLON .)
    STRUCT          reduce using rule 34 (loop_stmt -> DO LBRACE statement_list RBRACE WHILE LPAREN condition RPAREN SEMICOLON .)
    CLASS           reduce using rule 34 (loop_stmt -> DO LBRACE statement_list RBRACE WHILE LPAREN condition RPAREN SEMICOLON .)
    UNION           reduce using rule 34 (loop_stmt -> DO LBRACE statement_list RBRACE WHILE LPAREN condition RPAREN SEMICOLON .)
    ENUM            reduce using rule 34 (loop_stmt -> DO LBRACE statement_list RBRACE WHILE LPAREN condition RPAREN SEMICOLON .)
    $end            reduce using rule 34 (loop_stmt -> DO LBRACE statement_list RBRACE WHILE LPAREN condition RPAREN SEMICOLON .)
    RBRACE          reduce using rule 34 (loop_stmt -> DO LBRACE statement_list RBRACE WHILE LPAREN condition RPAREN SEMICOLON .)


state 117

    (20) exception_stmt -> TRY LBRACE statement_list RBRACE CATCH LPAREN ID RPAREN LBRACE statement_list . RBRACE
    (8) statement_list -> statement_list . statement
    (3) statement -> . io_stmt
    (4) statement -> . exception_stmt
    (5) statement -> . udtype_stmt
    (6) statement -> . storage_stmt
    (7) statement -> . loop_stmt
    (10) io_stmt -> . COUT LSHIFT cout_list SEMICOLON
    (15) io_stmt -> . CIN RSHIFT id_list SEMICOLON
    (18) io_stmt -> . IFSTREAM ID SEMICOLON
    (19) io_stmt -> . OFSTREAM ID SEMICOLON
    (20) exception_stmt -> . TRY LBRACE statement_list RBRACE CATCH LPAREN ID RPAREN LBRACE statement_list RBRACE
    (21) exception_stmt -> . THROW ID SEMICOLON
    (22) udtype_stmt -> . utype
    (27) storage_stmt -> . STATIC ID SEMICOLON
    (28) storage_stmt -> . EXTERN ID SEMICOLON
    (29) storage_stmt -> . REGISTER ID SEMICOLON
    (30) storage_stmt -> . AUTO ID SEMICOLON
    (31) loop_stmt -> . FOR LPAREN simple_stmt SEMICOLON condition SEMICOLON simple_stmt RPAREN
    (32) loop_stmt -> . FOR LPAREN simple_stmt SEMICOLON condition SEMICOLON simple_stmt RPAREN LBRACE statement_list RBRACE
    (33) loop_stmt -> . WHILE LPAREN condition RPAREN LBRACE statement_list RBRACE
    (34) loop_stmt -> . DO LBRACE statement_list RBRACE WHILE LPAREN condition RPAREN SEMICOLON
    (23) utype -> . STRUCT ID LBRACE RBRACE SEMICOLON
    (24) utype -> . CLASS ID LBRACE RBRACE SEMICOLON
    (25) utype -> . UNION ID LBRACE RBRACE SEMICOLON
    (26) utype -> . ENUM ID LBRACE ID RBRACE SEMICOLON

    RBRACE          shift and go to state 119
    COUT            shift and go to state 8
    CIN             shift and go to state 9
    IFSTREAM        shift and go to state 10
    OFSTREAM        shift and go to state 11
    TRY             shift and go to state 12
    THROW           shift and go to state 13
    STATIC          shift and go to state 15
    EXTERN          shift and go to state 16
    REGISTER        shift and go to state 17
    AUTO            shift and go to state 18
    FOR             shift and go to state 19
    WHILE           shift and go to state 20
    DO              shift and go to state 21
    STRUCT          shift and go to state 22
    CLASS           shift and go to state 23
    UNION           shift and go to state 24
    ENUM            shift and go to state 25

    statement                      shift and go to state 74
    io_stmt                        shift and go to state 3
    exception_stmt                 shift and go to state 4
    udtype_stmt                    shift and go to state 5
    storage_stmt                   shift and go to state 6
    loop_stmt                      shift and go to state 7
    utype                          shift and go to state 14

state 118

    (32) loop_stmt -> FOR LPAREN simple_stmt SEMICOLON condition SEMICOLON simple_stmt RPAREN LBRACE statement_list . RBRACE
    (8) statement_list -> statement_list . statement
    (3) statement -> . io_stmt
    (4) statement -> . exception_stmt
    (5) statement -> . udtype_stmt
    (6) statement -> . storage_stmt
    (7) statement -> . loop_stmt
    (10) io_stmt -> . COUT LSHIFT cout_list SEMICOLON
    (15) io_stmt -> . CIN RSHIFT id_list SEMICOLON
    (18) io_stmt -> . IFSTREAM ID SEMICOLON
    (19) io_stmt -> . OFSTREAM ID SEMICOLON
    (20) exception_stmt -> . TRY LBRACE statement_list RBRACE CATCH LPAREN ID RPAREN LBRACE statement_list RBRACE
    (21) exception_stmt -> . THROW ID SEMICOLON
    (22) udtype_stmt -> . utype
    (27) storage_stmt -> . STATIC ID SEMICOLON
    (28) storage_stmt -> . EXTERN ID SEMICOLON
    (29) storage_stmt -> . REGISTER ID SEMICOLON
    (30) storage_stmt -> . AUTO ID SEMICOLON
    (31) loop_stmt -> . FOR LPAREN simple_stmt SEMICOLON condition SEMICOLON simple_stmt RPAREN
    (32) loop_stmt -> . FOR LPAREN simple_stmt SEMICOLON condition SEMICOLON simple_stmt RPAREN LBRACE statement_list RBRACE
    (33) loop_stmt -> . WHILE LPAREN condition RPAREN LBRACE statement_list RBRACE
    (34) loop_stmt -> . DO LBRACE statement_list RBRACE WHILE LPAREN condition RPAREN SEMICOLON
    (23) utype -> . STRUCT ID LBRACE RBRACE SEMICOLON
    (24) utype -> . CLASS ID LBRACE RBRACE SEMICOLON
    (25) utype -> . UNION ID LBRACE RBRACE SEMICOLON
    (26) utype -> . ENUM ID LBRACE ID RBRACE SEMICOLON

    RBRACE          shift and go to state 120
    COUT            shift and go to state 8
    CIN             shift and go to state 9
    IFSTREAM        shift and go to state 10
    OFSTREAM        shift and go to state 11
    TRY             shift and go to state 12
    THROW           shift and go to state 13
    STATIC          shift and go to state 15
    EXTERN          shift and go to state 16
    REGISTER        shift and go to state 17
    AUTO            shift and go to state 18
    FOR             shift and go to state 19
    WHILE           shift and go to state 20
    DO              shift and go to state 21
    STRUCT          shift and go to state 22
    CLASS           shift and go to state 23
    UNION           shift and go to state 24
    ENUM            shift and go to state 25

    statement                      shift and go to state 74
    io_stmt                        shift and go to state 3
    exception_stmt                 shift and go to state 4
    udtype_stmt                    shift and go to state 5
    storage_stmt                   shift and go to state 6
    loop_stmt                      shift and go to state 7
    utype                          shift and go to state 14

state 119

    (20) exception_stmt -> TRY LBRACE statement_list RBRACE CATCH LPAREN ID RPAREN LBRACE statement_list RBRACE .

    COUT            reduce using rule 20 (exception_stmt -> TRY LBRACE statement_list RBRACE CATCH LPAREN ID RPAREN LBRACE statement_list RBRACE .)
    CIN             reduce using rule 20 (exception_stmt -> TRY LBRACE statement_list RBRACE CATCH LPAREN ID RPAREN LBRACE statement_list RBRACE .)
    IFSTREAM        reduce using rule 20 (exception_stmt -> TRY LBRACE statement_list RBRACE CATCH LPAREN ID RPAREN LBRACE statement_list RBRACE .)
    OFSTREAM        reduce using rule 20 (exception_stmt -> TRY LBRACE statement_list RBRACE CATCH LPAREN ID RPAREN LBRACE statement_list RBRACE .)
    TRY             reduce using rule 20 (exception_stmt -> TRY LBRACE statement_list RBRACE CATCH LPAREN ID RPAREN LBRACE statement_list RBRACE .)
    THROW           reduce using rule 20 (exception_stmt -> TRY LBRACE statement_list RBRACE CATCH LPAREN ID RPAREN LBRACE statement_list RBRACE .)
    STATIC          reduce using rule 20 (exception_stmt -> TRY LBRACE statement_list RBRACE CATCH LPAREN ID RPAREN LBRACE statement_list RBRACE .)
    EXTERN          reduce using rule 20 (exception_stmt -> TRY LBRACE statement_list RBRACE CATCH LPAREN ID RPAREN LBRACE statement_list RBRACE .)
    REGISTER        reduce using rule 20 (exception_stmt -> TRY LBRACE statement_list RBRACE CATCH LPAREN ID RPAREN LBRACE statement_list RBRACE .)
    AUTO            reduce using rule 20 (exception_stmt -> TRY LBRACE statement_list RBRACE CATCH LPAREN ID RPAREN LBRACE statement_list RBRACE .)
    FOR             reduce using rule 20 (exception_stmt -> TRY LBRACE statement_list RBRACE CATCH LPAREN ID RPAREN LBRACE statement_list RBRACE .)
    WHILE           reduce using rule 20 (exception_stmt -> TRY LBRACE statement_list RBRACE CATCH LPAREN ID RPAREN LBRACE statement_list RBRACE .)
    DO              reduce using rule 20 (exception_stmt -> TRY LBRACE statement_list RBRACE CATCH LPAREN ID RPAREN LBRACE statement_list RBRACE .)
    STRUCT          reduce using rule 20 (exception_stmt -> TRY LBRACE statement_list RBRACE CATCH LPAREN ID RPAREN LBRACE statement_list RBRACE .)
    CLASS           reduce using rule 20 (exception_stmt -> TRY LBRACE statement_list RBRACE CATCH LPAREN ID RPAREN LBRACE statement_list RBRACE .)
    UNION           reduce using rule 20 (exception_stmt -> TRY LBRACE statement_list RBRACE CATCH LPAREN ID RPAREN LBRACE statement_list RBRACE .)
    ENUM            reduce using rule 20 (exception_stmt -> TRY LBRACE statement_list RBRACE CATCH LPAREN ID RPAREN LBRACE statement_list RBRACE .)
    $end            reduce using rule 20 (exception_stmt -> TRY LBRACE statement_list RBRACE CATCH LPAREN ID RPAREN LBRACE statement_list RBRACE .)
    RBRACE          reduce using rule 20 (exception_stmt -> TRY LBRACE statement_list RBRACE CATCH LPAREN ID RPAREN LBRACE statement_list RBRACE .)


state 120

    (32) loop_stmt -> FOR LPAREN simple_stmt SEMICOLON condition SEMICOLON simple_stmt RPAREN LBRACE statement_list RBRACE .

    COUT            reduce using rule 32 (loop_stmt -> FOR LPAREN simple_stmt SEMICOLON condition SEMICOLON simple_stmt RPAREN LBRACE statement_list RBRACE .)
    CIN             reduce using rule 32 (loop_stmt -> FOR LPAREN simple_stmt SEMICOLON condition SEMICOLON simple_stmt RPAREN LBRACE statement_list RBRACE .)
    IFSTREAM        reduce using rule 32 (loop_stmt -> FOR LPAREN simple_stmt SEMICOLON condition SEMICOLON simple_stmt RPAREN LBRACE statement_list RBRACE .)
    OFSTREAM        reduce using rule 32 (loop_stmt -> FOR LPAREN simple_stmt SEMICOLON condition SEMICOLON simple_stmt RPAREN LBRACE statement_list RBRACE .)
    TRY             reduce using rule 32 (loop_stmt -> FOR LPAREN simple_stmt SEMICOLON condition SEMICOLON simple_stmt RPAREN LBRACE statement_list RBRACE .)
    THROW           reduce using rule 32 (loop_stmt -> FOR LPAREN simple_stmt SEMICOLON condition SEMICOLON simple_stmt RPAREN LBRACE statement_list RBRACE .)
    STATIC          reduce using rule 32 (loop_stmt -> FOR LPAREN simple_stmt SEMICOLON condition SEMICOLON simple_stmt RPAREN LBRACE statement_list RBRACE .)
    EXTERN          reduce using rule 32 (loop_stmt -> FOR LPAREN simple_stmt SEMICOLON condition SEMICOLON simple_stmt RPAREN LBRACE statement_list RBRACE .)
    REGISTER        reduce using rule 32 (loop_stmt -> FOR LPAREN simple_stmt SEMICOLON condition SEMICOLON simple_stmt RPAREN LBRACE statement_list RBRACE .)
    AUTO            reduce using rule 32 (loop_stmt -> FOR LPAREN simple_stmt SEMICOLON condition SEMICOLON simple_stmt RPAREN LBRACE statement_list RBRACE .)
    FOR             reduce using rule 32 (loop_stmt -> FOR LPAREN simple_stmt SEMICOLON condition SEMICOLON simple_stmt RPAREN LBRACE statement_list RBRACE .)
    WHILE           reduce using rule 32 (loop_stmt -> FOR LPAREN simple_stmt SEMICOLON condition SEMICOLON simple_stmt RPAREN LBRACE statement_list RBRACE .)
    DO              reduce using rule 32 (loop_stmt -> FOR LPAREN simple_stmt SEMICOLON condition SEMICOLON simple_stmt RPAREN LBRACE statement_list RBRACE .)
    STRUCT          reduce using rule 32 (loop_stmt -> FOR LPAREN simple_stmt SEMICOLON condition SEMICOLON simple_stmt RPAREN LBRACE statement_list RBRACE .)
    CLASS           reduce using rule 32 (loop_stmt -> FOR LPAREN simple_stmt SEMICOLON condition SEMICOLON simple_stmt RPAREN LBRACE statement_list RBRACE .)
    UNION           reduce using rule 32 (loop_stmt -> FOR LPAREN simple_stmt SEMICOLON condition SEMICOLON simple_stmt RPAREN LBRACE statement_list RBRACE .)
    ENUM            reduce using rule 32 (loop_stmt -> FOR LPAREN simple_stmt SEMICOLON condition SEMICOLON simple_stmt RPAREN LBRACE statement_list RBRACE .)
    $end            reduce using rule 32 (loop_stmt -> FOR LPAREN simple_stmt SEMICOLON condition SEMICOLON simple_stmt RPAREN LBRACE statement_list RBRACE .)
    RBRACE          reduce using rule 32 (loop_stmt -> FOR LPAREN simple_stmt SEMICOLON condition SEMICOLON simple_stmt RPAREN LBRACE statement_list RBRACE .)

